Problem:    
Rows:       298
Columns:    300 (300 integer, 300 binary)
Non-zeros:  21052
Status:     INTEGER OPTIMAL
Objective:  z = 122 (MAXimum)

   No.   Row name        Activity     Lower bound   Upper bound
------ ------------    ------------- ------------- -------------
     1 c1                          3                         143 
     2 c2                          2                         136 
     3 c3                          4                         126 
     4 c4                          4                         132 
     5 c5                          3                         116 
     6 c6                          3                         133 
     7 c7                          3                         136 
     8 c8                          3                         130 
     9 c9                          4                         151 
    10 c10                         3                         123 
    11 c11                         3                         132 
    12 c12                         3                         133 
    13 c13                         3                          95 
    14 c14                         4                         125 
    15 c15                         3                         149 
    16 c16                         4                         137 
    17 c17                         4                         161 
    18 c18                         4                         131 
    19 c19                         3                         121 
    20 c20                         2                         146 
    21 c21                       136                         136 
    22 c22                         1                         146 
    23 c23                         2                         141 
    24 c24                         1                         121 
    25 c25                         4                         130 
    26 c26                         2                         138 
    27 c27                         3                         127 
    28 c28                         2                         134 
    29 c29                         2                         109 
    30 c30                         2                         139 
    31 c31                         3                         135 
    32 c32                         2                         121 
    33 c33                         3                         101 
    34 c34                         3                         121 
    35 c35                         2                         126 
    36 c36                         2                         100 
    37 c37                         4                         136 
    38 c38                         1                         142 
    39 c39                         3                         151 
    40 c40                         3                          98 
    41 c41                         3                         135 
    42 c42                         2                         121 
    43 c43                         2                          95 
    44 c44                         3                         139 
    45 c45                         2                         137 
    46 c46                         2                         114 
    47 c47                         1                         136 
    48 c48                         1                          90 
    49 c49                         2                         148 
    50 c50                         3                         114 
    51 c51                         3                         134 
    52 c52                         3                         126 
    53 c53                         3                         103 
    54 c54                         1                          76 
    55 c55                         2                         100 
    56 c56                         2                         138 
    57 c57                         4                         123 
    58 c58                         2                         101 
    59 c59                         3                         138 
    60 c60                         2                         109 
    61 c61                         2                          73 
    62 c62                         2                         104 
    63 c63                         1                         104 
    64 c64                         3                         119 
    65 c65                         3                         108 
    66 c66                         3                          79 
    67 c67                         2                         103 
    68 c68                         3                         128 
    69 c69                         3                         109 
    70 c70                         3                         115 
    71 c71                         3                         117 
    72 c72                         3                          82 
    73 c73                         2                          72 
    74 c74                         2                          91 
    75 c75                         3                         104 
    76 c76                        81                          81 
    77 c77                         2                         108 
    78 c78                         2                         126 
    79 c79                         2                          88 
    80 c80                         3                         101 
    81 c81                         1                          75 
    82 c82                         3                         103 
    83 c83                         1                         101 
    84 c84                         3                         115 
    85 c85                         0                          82 
    86 c86                         3                          81 
    87 c87                         3                         105 
    88 c88                         1                          80 
    89 c89                         3                          79 
    90 c90                         2                          94 
    91 c91                         3                         104 
    92 c92                         2                          94 
    93 c93                         2                          89 
    94 c94                         3                         133 
    95 c95                         3                         104 
    96 c96                         2                          74 
    97 c97                         3                         120 
    98 c98                         2                          93 
    99 c99                         2                          95 
   100 c100                        3                          90 
   101 c101                        2                         111 
   102 c102                        2                          59 
   103 c103                        2                         102 
   104 c104                        2                          91 
   105 c105                        2                          81 
   106 c106                        1                          95 
   107 c107                        3                          98 
   108 c108                        1                          84 
   109 c109                        2                          82 
   110 c110                        3                          74 
   111 c111                        2                          76 
   112 c112                        3                         101 
   113 c113                        3                         107 
   114 c114                        3                         104 
   115 c115                        2                          95 
   116 c116                        1                          99 
   117 c117                        2                          67 
   118 c118                        1                          75 
   119 c119                        4                          75 
   120 c120                        2                          97 
   121 c121                        1                          74 
   122 c122                        1                          67 
   123 c123                        2                          73 
   124 c124                        2                          78 
   125 c125                        1                          80 
   126 c126                        3                          72 
   127 c127                        3                          85 
   128 c128                        3                          78 
   129 c129                        2                          72 
   130 c130                        2                          75 
   131 c131                        0                          79 
   132 c132                        2                          78 
   133 c133                        3                          85 
   134 c134                        2                          79 
   135 c135                        2                          77 
   136 c136                        3                          81 
   137 c137                        2                          89 
   138 c138                        3                          99 
   139 c139                        3                          85 
   140 c140                        3                          75 
   141 c141                        3                          87 
   142 c142                        3                          92 
   143 c143                        2                          63 
   144 c144                        3                          61 
   145 c145                        2                          48 
   146 c146                        2                          78 
   147 c147                        2                          65 
   148 c148                        0                          85 
   149 c149                        1                          78 
   150 c150                        2                          72 
   151 c151                       54                          54 
   152 c152                        2                          75 
   153 c153                        2                          65 
   154 c154                        0                          67 
   155 c155                        0                          72 
   156 c156                        1                          51 
   157 c157                        3                          85 
   158 c158                        1                          59 
   159 c159                        2                          75 
   160 c160                        1                          56 
   161 c161                        2                          46 
   162 c162                        2                          67 
   163 c163                        2                          76 
   164 c164                        1                          49 
   165 c165                        1                          56 
   166 c166                        1                          43 
   167 c167                        0                          67 
   168 c168                        2                          48 
   169 c169                        1                          55 
   170 c170                        2                          70 
   171 c171                        3                          55 
   172 c172                        1                          69 
   173 c173                        2                          53 
   174 c174                        1                          70 
   175 c175                        2                          61 
   176 c176                        3                          56 
   177 c177                        2                          64 
   178 c178                        2                          51 
   179 c179                        1                          60 
   180 c180                        1                          57 
   181 c181                        1                          45 
   182 c182                        2                          57 
   183 c183                        1                          44 
   184 c184                        2                          73 
   185 c185                        1                          49 
   186 c186                       49                          49 
   187 c187                        2                          53 
   188 c188                        1                          50 
   189 c189                        1                          49 
   190 c190                        2                          59 
   191 c191                        0                          51 
   192 c192                        0                          63 
   193 c193                        1                          43 
   194 c194                        0                          54 
   195 c195                        1                          40 
   196 c196                        1                          61 
   197 c197                        1                          40 
   198 c198                        2                          48 
   199 c199                        2                          58 
   200 c200                        0                          59 
   201 c201                        2                          49 
   202 c202                        1                          43 
   203 c203                        1                          45 
   204 c204                        1                          54 
   205 c205                        2                          38 
   206 c206                        0                          45 
   207 c207                        1                          45 
   208 c208                        2                          48 
   209 c209                        2                          39 
   210 c210                        1                          41 
   211 c211                        2                          49 
   212 c212                        1                          49 
   213 c213                        2                          42 
   214 c214                        2                          23 
   215 c215                        2                          34 
   216 c216                        2                          43 
   217 c217                        1                          29 
   218 c218                        2                          32 
   219 c219                        1                          45 
   220 c220                        1                          47 
   221 c221                        2                          41 
   222 c222                        1                          36 
   223 c223                        2                          32 
   224 c224                        1                          37 
   225 c225                        1                          28 
   226 c226                        1                          19 
   227 c227                        0                          41 
   228 c228                        2                          35 
   229 c229                        1                          25 
   230 c230                        0                          34 
   231 c231                        2                          30 
   232 c232                        3                          38 
   233 c233                        1                          35 
   234 c234                        2                          33 
   235 c235                        1                          28 
   236 c236                        1                          32 
   237 c237                        1                          41 
   238 c238                        1                          29 
   239 c239                        1                          31 
   240 c240                        2                          18 
   241 c241                        2                          25 
   242 c242                        2                          19 
   243 c243                        0                          28 
   244 c244                        1                          23 
   245 c245                        0                          21 
   246 c246                       19                          19 
   247 c247                        2                          31 
   248 c248                        0                          24 
   249 c249                        1                          22 
   250 c250                        1                          18 
   251 c251                        0                          20 
   252 c252                        1                          22 
   253 c253                        1                          21 
   254 c254                        1                          16 
   255 c255                        1                          29 
   256 c256                        1                          21 
   257 c257                        2                          19 
   258 c258                        1                          23 
   259 c259                        0                          10 
   260 c260                        1                          19 
   261 c261                        1                          21 
   262 c262                        0                          19 
   263 c263                       18                          18 
   264 c264                        1                          18 
   265 c265                        0                          17 
   266 c266                        0                          17 
   267 c267                        0                          13 
   268 c268                        1                          13 
   269 c269                        1                          12 
   270 c270                        0                          16 
   271 c271                        0                          17 
   272 c272                        0                          14 
   273 c273                        0                          10 
   274 c274                        0                           9 
   275 c275                        1                          16 
   276 c276                       10                          10 
   277 c277                        0                          15 
   278 c278                        0                          13 
   279 c279                        0                           9 
   280 c280                        0                           4 
   281 c281                        0                           5 
   282 c282                        0                           9 
   283 c283                        0                          10 
   284 c284                        0                           8 
   285 c285                        0                           6 
   286 c286                        0                           9 
   287 c287                        0                           9 
   288 c288                        0                           9 
   289 c289                        0                           5 
   290 c290                        0                           6 
   291 c291                        0                           2 
   292 c292                        0                           5 
   293 c293                        0                           3 
   294 c294                        0                           2 
   295 c295                        0                           1 
   296 c296                        0                           1 
   297 c297                        0                           1 
   298 c298                        0                           1 

   No. Column name       Activity     Lower bound   Upper bound
------ ------------    ------------- ------------- -------------
     1 x0           *              0             0             1 
     2 x1           *              0             0             1 
     3 x2           *              0             0             1 
     4 x3           *              0             0             1 
     5 x4           *              0             0             1 
     6 x5           *              0             0             1 
     7 x6           *              0             0             1 
     8 x7           *              0             0             1 
     9 x8           *              0             0             1 
    10 x9           *              0             0             1 
    11 x10          *              0             0             1 
    12 x11          *              0             0             1 
    13 x12          *              0             0             1 
    14 x13          *              0             0             1 
    15 x14          *              0             0             1 
    16 x15          *              0             0             1 
    17 x16          *              0             0             1 
    18 x17          *              0             0             1 
    19 x18          *              0             0             1 
    20 x19          *              0             0             1 
    21 x20          *              1             0             1 
    22 x21          *              0             0             1 
    23 x22          *              0             0             1 
    24 x23          *              0             0             1 
    25 x24          *              0             0             1 
    26 x25          *              0             0             1 
    27 x26          *              0             0             1 
    28 x27          *              0             0             1 
    29 x28          *              0             0             1 
    30 x29          *              0             0             1 
    31 x30          *              0             0             1 
    32 x31          *              0             0             1 
    33 x32          *              0             0             1 
    34 x33          *              0             0             1 
    35 x34          *              0             0             1 
    36 x35          *              0             0             1 
    37 x36          *              0             0             1 
    38 x37          *              0             0             1 
    39 x38          *              0             0             1 
    40 x39          *              0             0             1 
    41 x40          *              0             0             1 
    42 x41          *              0             0             1 
    43 x42          *              0             0             1 
    44 x43          *              0             0             1 
    45 x44          *              0             0             1 
    46 x45          *              0             0             1 
    47 x46          *              0             0             1 
    48 x47          *              0             0             1 
    49 x48          *              0             0             1 
    50 x49          *              0             0             1 
    51 x50          *              0             0             1 
    52 x51          *              0             0             1 
    53 x52          *              0             0             1 
    54 x53          *              0             0             1 
    55 x54          *              0             0             1 
    56 x55          *              0             0             1 
    57 x56          *              0             0             1 
    58 x57          *              0             0             1 
    59 x58          *              0             0             1 
    60 x59          *              0             0             1 
    61 x60          *              0             0             1 
    62 x61          *              0             0             1 
    63 x62          *              0             0             1 
    64 x63          *              0             0             1 
    65 x64          *              0             0             1 
    66 x65          *              0             0             1 
    67 x66          *              0             0             1 
    68 x67          *              0             0             1 
    69 x68          *              0             0             1 
    70 x69          *              0             0             1 
    71 x70          *              0             0             1 
    72 x71          *              0             0             1 
    73 x72          *              0             0             1 
    74 x73          *              0             0             1 
    75 x74          *              0             0             1 
    76 x75          *              1             0             1 
    77 x76          *              0             0             1 
    78 x77          *              0             0             1 
    79 x78          *              0             0             1 
    80 x79          *              0             0             1 
    81 x80          *              0             0             1 
    82 x81          *              0             0             1 
    83 x82          *              0             0             1 
    84 x83          *              0             0             1 
    85 x84          *              0             0             1 
    86 x85          *              0             0             1 
    87 x86          *              0             0             1 
    88 x87          *              0             0             1 
    89 x88          *              0             0             1 
    90 x89          *              0             0             1 
    91 x90          *              0             0             1 
    92 x91          *              0             0             1 
    93 x92          *              0             0             1 
    94 x93          *              0             0             1 
    95 x94          *              0             0             1 
    96 x95          *              0             0             1 
    97 x96          *              0             0             1 
    98 x97          *              0             0             1 
    99 x98          *              0             0             1 
   100 x99          *              0             0             1 
   101 x100         *              0             0             1 
   102 x101         *              0             0             1 
   103 x102         *              0             0             1 
   104 x103         *              0             0             1 
   105 x104         *              0             0             1 
   106 x105         *              0             0             1 
   107 x106         *              0             0             1 
   108 x107         *              0             0             1 
   109 x108         *              0             0             1 
   110 x109         *              0             0             1 
   111 x110         *              0             0             1 
   112 x111         *              0             0             1 
   113 x112         *              0             0             1 
   114 x113         *              0             0             1 
   115 x114         *              0             0             1 
   116 x115         *              0             0             1 
   117 x116         *              0             0             1 
   118 x117         *              0             0             1 
   119 x118         *              0             0             1 
   120 x119         *              0             0             1 
   121 x120         *              0             0             1 
   122 x121         *              0             0             1 
   123 x122         *              0             0             1 
   124 x123         *              0             0             1 
   125 x124         *              0             0             1 
   126 x125         *              0             0             1 
   127 x126         *              0             0             1 
   128 x127         *              0             0             1 
   129 x128         *              0             0             1 
   130 x129         *              0             0             1 
   131 x130         *              0             0             1 
   132 x131         *              0             0             1 
   133 x132         *              0             0             1 
   134 x133         *              0             0             1 
   135 x134         *              0             0             1 
   136 x135         *              0             0             1 
   137 x136         *              0             0             1 
   138 x137         *              0             0             1 
   139 x138         *              0             0             1 
   140 x139         *              0             0             1 
   141 x140         *              0             0             1 
   142 x141         *              0             0             1 
   143 x142         *              0             0             1 
   144 x143         *              0             0             1 
   145 x144         *              0             0             1 
   146 x145         *              0             0             1 
   147 x146         *              0             0             1 
   148 x147         *              0             0             1 
   149 x148         *              0             0             1 
   150 x149         *              0             0             1 
   151 x150         *              1             0             1 
   152 x151         *              0             0             1 
   153 x152         *              0             0             1 
   154 x153         *              0             0             1 
   155 x154         *              0             0             1 
   156 x155         *              0             0             1 
   157 x156         *              0             0             1 
   158 x157         *              0             0             1 
   159 x158         *              0             0             1 
   160 x159         *              0             0             1 
   161 x160         *              0             0             1 
   162 x161         *              0             0             1 
   163 x162         *              0             0             1 
   164 x163         *              0             0             1 
   165 x164         *              0             0             1 
   166 x165         *              0             0             1 
   167 x166         *              0             0             1 
   168 x167         *              0             0             1 
   169 x168         *              0             0             1 
   170 x169         *              0             0             1 
   171 x170         *              0             0             1 
   172 x171         *              0             0             1 
   173 x172         *              0             0             1 
   174 x173         *              0             0             1 
   175 x174         *              0             0             1 
   176 x175         *              0             0             1 
   177 x176         *              0             0             1 
   178 x177         *              0             0             1 
   179 x178         *              0             0             1 
   180 x179         *              0             0             1 
   181 x180         *              0             0             1 
   182 x181         *              0             0             1 
   183 x182         *              0             0             1 
   184 x183         *              0             0             1 
   185 x184         *              0             0             1 
   186 x185         *              1             0             1 
   187 x186         *              0             0             1 
   188 x187         *              0             0             1 
   189 x188         *              0             0             1 
   190 x189         *              0             0             1 
   191 x190         *              0             0             1 
   192 x191         *              0             0             1 
   193 x192         *              0             0             1 
   194 x193         *              0             0             1 
   195 x194         *              0             0             1 
   196 x195         *              0             0             1 
   197 x196         *              0             0             1 
   198 x197         *              0             0             1 
   199 x198         *              0             0             1 
   200 x199         *              0             0             1 
   201 x200         *              0             0             1 
   202 x201         *              0             0             1 
   203 x202         *              0             0             1 
   204 x203         *              0             0             1 
   205 x204         *              0             0             1 
   206 x205         *              0             0             1 
   207 x206         *              0             0             1 
   208 x207         *              0             0             1 
   209 x208         *              0             0             1 
   210 x209         *              0             0             1 
   211 x210         *              0             0             1 
   212 x211         *              0             0             1 
   213 x212         *              0             0             1 
   214 x213         *              0             0             1 
   215 x214         *              0             0             1 
   216 x215         *              0             0             1 
   217 x216         *              0             0             1 
   218 x217         *              0             0             1 
   219 x218         *              0             0             1 
   220 x219         *              0             0             1 
   221 x220         *              0             0             1 
   222 x221         *              0             0             1 
   223 x222         *              0             0             1 
   224 x223         *              0             0             1 
   225 x224         *              0             0             1 
   226 x225         *              0             0             1 
   227 x226         *              0             0             1 
   228 x227         *              0             0             1 
   229 x228         *              0             0             1 
   230 x229         *              0             0             1 
   231 x230         *              0             0             1 
   232 x231         *              0             0             1 
   233 x232         *              0             0             1 
   234 x233         *              0             0             1 
   235 x234         *              0             0             1 
   236 x235         *              0             0             1 
   237 x236         *              0             0             1 
   238 x237         *              0             0             1 
   239 x238         *              0             0             1 
   240 x239         *              0             0             1 
   241 x240         *              0             0             1 
   242 x241         *              0             0             1 
   243 x242         *              0             0             1 
   244 x243         *              0             0             1 
   245 x244         *              0             0             1 
   246 x245         *              1             0             1 
   247 x246         *              0             0             1 
   248 x247         *              0             0             1 
   249 x248         *              0             0             1 
   250 x249         *              0             0             1 
   251 x250         *              0             0             1 
   252 x251         *              0             0             1 
   253 x252         *              0             0             1 
   254 x253         *              0             0             1 
   255 x254         *              0             0             1 
   256 x255         *              0             0             1 
   257 x256         *              0             0             1 
   258 x257         *              0             0             1 
   259 x258         *              0             0             1 
   260 x259         *              0             0             1 
   261 x260         *              0             0             1 
   262 x261         *              0             0             1 
   263 x262         *              1             0             1 
   264 x263         *              0             0             1 
   265 x264         *              0             0             1 
   266 x265         *              0             0             1 
   267 x266         *              0             0             1 
   268 x267         *              0             0             1 
   269 x268         *              0             0             1 
   270 x269         *              0             0             1 
   271 x270         *              0             0             1 
   272 x271         *              0             0             1 
   273 x272         *              0             0             1 
   274 x273         *              0             0             1 
   275 x274         *              0             0             1 
   276 x275         *              1             0             1 
   277 x276         *              0             0             1 
   278 x277         *              0             0             1 
   279 x278         *              0             0             1 
   280 x279         *              0             0             1 
   281 x280         *              0             0             1 
   282 x281         *              0             0             1 
   283 x282         *              0             0             1 
   284 x283         *              0             0             1 
   285 x284         *              0             0             1 
   286 x285         *              0             0             1 
   287 x286         *              0             0             1 
   288 x287         *              0             0             1 
   289 x288         *              0             0             1 
   290 x289         *              0             0             1 
   291 x290         *              0             0             1 
   292 x291         *              0             0             1 
   293 x292         *              0             0             1 
   294 x293         *              0             0             1 
   295 x294         *              0             0             1 
   296 x295         *              0             0             1 
   297 x296         *              0             0             1 
   298 x297         *              0             0             1 
   299 x298         *              0             0             1 
   300 x299         *              0             0             1 

Integer feasibility conditions:

KKT.PE: max.abs.err = 0.00e+00 on row 0
        max.rel.err = 0.00e+00 on row 0
        High quality

KKT.PB: max.abs.err = 0.00e+00 on row 0
        max.rel.err = 0.00e+00 on row 0
        High quality

End of output
