Problem:    
Rows:       298
Columns:    300 (300 integer, 300 binary)
Non-zeros:  22202
Status:     INTEGER OPTIMAL
Objective:  z = 110 (MAXimum)

   No.   Row name        Activity     Lower bound   Upper bound
------ ------------    ------------- ------------- -------------
     1 c1                          2                         132 
     2 c2                        137                         137 
     3 c3                          2                         122 
     4 c4                          3                         131 
     5 c5                          3                         161 
     6 c6                          2                         141 
     7 c7                          4                         148 
     8 c8                          2                         121 
     9 c9                          3                         155 
    10 c10                         3                         154 
    11 c11                         2                         127 
    12 c12                         1                         147 
    13 c13                         2                         136 
    14 c14                         2                         149 
    15 c15                         3                         146 
    16 c16                         2                         126 
    17 c17                         2                         174 
    18 c18                         3                         169 
    19 c19                         4                         161 
    20 c20                         3                         134 
    21 c21                         2                         140 
    22 c22                         3                         122 
    23 c23                         2                         132 
    24 c24                         2                          70 
    25 c25                         4                         100 
    26 c26                         3                         121 
    27 c27                         2                         111 
    28 c28                         4                         146 
    29 c29                         2                         123 
    30 c30                         3                         162 
    31 c31                         2                         141 
    32 c32                         3                         146 
    33 c33                         3                         144 
    34 c34                         2                         136 
    35 c35                         3                         148 
    36 c36                         2                         146 
    37 c37                         2                         114 
    38 c38                         1                         130 
    39 c39                         3                         129 
    40 c40                         1                         117 
    41 c41                         4                         133 
    42 c42                         2                         102 
    43 c43                         3                         126 
    44 c44                         2                         100 
    45 c45                         3                         118 
    46 c46                         3                         158 
    47 c47                         1                         127 
    48 c48                         4                         116 
    49 c49                         2                         132 
    50 c50                         3                         104 
    51 c51                         3                          93 
    52 c52                         2                         112 
    53 c53                         2                         100 
    54 c54                         2                          76 
    55 c55                         2                          94 
    56 c56                         4                         122 
    57 c57                         3                         140 
    58 c58                         4                         130 
    59 c59                         3                         125 
    60 c60                         4                         110 
    61 c61                         2                         105 
    62 c62                         3                         112 
    63 c63                         3                         129 
    64 c64                         2                         142 
    65 c65                         2                         118 
    66 c66                         3                         106 
    67 c67                         3                         104 
    68 c68                         2                          90 
    69 c69                         1                         106 
    70 c70                         3                         112 
    71 c71                         3                         124 
    72 c72                         2                         127 
    73 c73                         2                         133 
    74 c74                         1                         111 
    75 c75                         3                         128 
    76 c76                         2                         119 
    77 c77                         2                          96 
    78 c78                         2                         115 
    79 c79                         3                         107 
    80 c80                         3                         125 
    81 c81                         2                         104 
    82 c82                         2                          94 
    83 c83                         3                         125 
    84 c84                         3                          99 
    85 c85                         3                         106 
    86 c86                         4                         102 
    87 c87                         2                          43 
    88 c88                         4                         105 
    89 c89                         2                         122 
    90 c90                         4                          90 
    91 c91                         2                          94 
    92 c92                         2                          94 
    93 c93                         2                          88 
    94 c94                         2                          93 
    95 c95                        77                          77 
    96 c96                         3                         104 
    97 c97                         3                         101 
    98 c98                         2                         100 
    99 c99                         2                         104 
   100 c100                        2                         123 
   101 c101                        3                         114 
   102 c102                        2                          96 
   103 c103                        2                          50 
   104 c104                        2                         107 
   105 c105                        2                          97 
   106 c106                        2                          81 
   107 c107                        3                         109 
   108 c108                        2                          94 
   109 c109                        3                         112 
   110 c110                        2                          82 
   111 c111                        1                          93 
   112 c112                        2                          96 
   113 c113                        2                         133 
   114 c114                        2                          99 
   115 c115                        3                         134 
   116 c116                        2                          78 
   117 c117                        2                          87 
   118 c118                        2                          83 
   119 c119                        1                          83 
   120 c120                        3                          97 
   121 c121                        2                          90 
   122 c122                        3                          88 
   123 c123                        3                          75 
   124 c124                       79                          79 
   125 c125                        1                          87 
   126 c126                        2                          79 
   127 c127                        2                          86 
   128 c128                        2                          69 
   129 c129                        3                         107 
   130 c130                        3                          80 
   131 c131                       82                          82 
   132 c132                        1                          87 
   133 c133                        2                          89 
   134 c134                        1                          74 
   135 c135                        2                          88 
   136 c136                        3                          73 
   137 c137                        1                          65 
   138 c138                        1                          95 
   139 c139                        1                          66 
   140 c140                        0                          65 
   141 c141                        1                          60 
   142 c142                        2                          86 
   143 c143                        1                          89 
   144 c144                        1                          84 
   145 c145                        1                          75 
   146 c146                        1                          85 
   147 c147                        1                          75 
   148 c148                        1                          75 
   149 c149                        1                          76 
   150 c150                       40                          40 
   151 c151                        1                          65 
   152 c152                        0                          60 
   153 c153                        2                          83 
   154 c154                        2                          88 
   155 c155                        2                          82 
   156 c156                        1                          64 
   157 c157                        1                          78 
   158 c158                        1                          74 
   159 c159                        0                          64 
   160 c160                        2                          82 
   161 c161                        1                          50 
   162 c162                        1                          61 
   163 c163                        1                          56 
   164 c164                        1                          76 
   165 c165                        0                          45 
   166 c166                        1                          55 
   167 c167                        1                          55 
   168 c168                        0                          66 
   169 c169                        2                          80 
   170 c170                        1                          67 
   171 c171                        2                          68 
   172 c172                        1                          53 
   173 c173                        2                          84 
   174 c174                        1                          65 
   175 c175                        1                          67 
   176 c176                        1                          59 
   177 c177                        2                          68 
   178 c178                        1                          65 
   179 c179                        1                          57 
   180 c180                        1                          64 
   181 c181                        1                          62 
   182 c182                        0                          49 
   183 c183                        2                          51 
   184 c184                        1                          59 
   185 c185                        0                          44 
   186 c186                        1                          56 
   187 c187                        1                          39 
   188 c188                        2                          50 
   189 c189                        1                          58 
   190 c190                        1                          57 
   191 c191                        1                          59 
   192 c192                        1                          62 
   193 c193                        1                          38 
   194 c194                        1                          78 
   195 c195                        1                          61 
   196 c196                        0                          60 
   197 c197                        1                          53 
   198 c198                        1                          65 
   199 c199                        2                          73 
   200 c200                        0                          46 
   201 c201                        2                          68 
   202 c202                        2                          52 
   203 c203                        0                          46 
   204 c204                        1                          54 
   205 c205                        2                          62 
   206 c206                        1                          52 
   207 c207                        0                          34 
   208 c208                        1                          43 
   209 c209                        1                          50 
   210 c210                        2                          46 
   211 c211                       45                          45 
   212 c212                        1                          49 
   213 c213                        1                          30 
   214 c214                        0                          40 
   215 c215                        1                          40 
   216 c216                        0                          28 
   217 c217                        0                          43 
   218 c218                        0                          30 
   219 c219                        1                          42 
   220 c220                        1                          36 
   221 c221                        1                          42 
   222 c222                        1                          35 
   223 c223                        1                          35 
   224 c224                        1                          38 
   225 c225                        0                          37 
   226 c226                        1                          25 
   227 c227                        1                          36 
   228 c228                        0                          49 
   229 c229                        0                          44 
   230 c230                        0                          38 
   231 c231                        0                          28 
   232 c232                        0                          38 
   233 c233                        0                          34 
   234 c234                        1                          37 
   235 c235                        1                          37 
   236 c236                        1                          32 
   237 c237                        0                          30 
   238 c238                        1                          40 
   239 c239                        0                          24 
   240 c240                        1                          29 
   241 c241                        1                          26 
   242 c242                        0                          27 
   243 c243                        1                          33 
   244 c244                        0                          21 
   245 c245                        0                          31 
   246 c246                        1                          25 
   247 c247                        0                          22 
   248 c248                        1                          24 
   249 c249                        0                          25 
   250 c250                        0                          17 
   251 c251                        1                          25 
   252 c252                        0                          19 
   253 c253                        1                          27 
   254 c254                        0                          22 
   255 c255                        1                          26 
   256 c256                        0                          17 
   257 c257                        0                          22 
   258 c258                        0                          17 
   259 c259                        1                          21 
   260 c260                        0                          19 
   261 c261                        0                          21 
   262 c262                        0                          16 
   263 c263                        1                          23 
   264 c264                        1                          14 
   265 c265                        0                          10 
   266 c266                        1                          13 
   267 c267                        0                          13 
   268 c268                        0                          15 
   269 c269                        0                          13 
   270 c270                        0                          15 
   271 c271                        0                          15 
   272 c272                        1                          19 
   273 c273                        0                          11 
   274 c274                        0                           8 
   275 c275                        0                          13 
   276 c276                        0                           8 
   277 c277                        0                          12 
   278 c278                        1                          15 
   279 c279                        1                          10 
   280 c280                        0                           9 
   281 c281                        0                           7 
   282 c282                        1                          14 
   283 c283                        1                          11 
   284 c284                        0                           8 
   285 c285                        0                           9 
   286 c286                        0                           7 
   287 c287                        1                           8 
   288 c288                        1                           9 
   289 c289                        0                           5 
   290 c290                        0                           4 
   291 c291                        1                           8 
   292 c292                        1                           5 
   293 c293                        1                           5 
   294 c294                        0                           2 
   295 c295                        0                           1 
   296 c296                        1                           2 
   297 c297                        1                           2 
   298 c298                        1                           1 

   No. Column name       Activity     Lower bound   Upper bound
------ ------------    ------------- ------------- -------------
     1 x0           *              0             0             1 
     2 x1           *              1             0             1 
     3 x2           *              0             0             1 
     4 x3           *              0             0             1 
     5 x4           *              0             0             1 
     6 x5           *              0             0             1 
     7 x6           *              0             0             1 
     8 x7           *              0             0             1 
     9 x8           *              0             0             1 
    10 x9           *              0             0             1 
    11 x10          *              0             0             1 
    12 x11          *              0             0             1 
    13 x12          *              0             0             1 
    14 x13          *              0             0             1 
    15 x14          *              0             0             1 
    16 x15          *              0             0             1 
    17 x16          *              0             0             1 
    18 x17          *              0             0             1 
    19 x18          *              0             0             1 
    20 x19          *              0             0             1 
    21 x20          *              0             0             1 
    22 x21          *              0             0             1 
    23 x22          *              0             0             1 
    24 x23          *              0             0             1 
    25 x24          *              0             0             1 
    26 x25          *              0             0             1 
    27 x26          *              0             0             1 
    28 x27          *              0             0             1 
    29 x28          *              0             0             1 
    30 x29          *              0             0             1 
    31 x30          *              0             0             1 
    32 x31          *              0             0             1 
    33 x32          *              0             0             1 
    34 x33          *              0             0             1 
    35 x34          *              0             0             1 
    36 x35          *              0             0             1 
    37 x36          *              0             0             1 
    38 x37          *              0             0             1 
    39 x38          *              0             0             1 
    40 x39          *              0             0             1 
    41 x40          *              0             0             1 
    42 x41          *              0             0             1 
    43 x42          *              0             0             1 
    44 x43          *              0             0             1 
    45 x44          *              0             0             1 
    46 x45          *              0             0             1 
    47 x46          *              0             0             1 
    48 x47          *              0             0             1 
    49 x48          *              0             0             1 
    50 x49          *              0             0             1 
    51 x50          *              0             0             1 
    52 x51          *              0             0             1 
    53 x52          *              0             0             1 
    54 x53          *              0             0             1 
    55 x54          *              0             0             1 
    56 x55          *              0             0             1 
    57 x56          *              0             0             1 
    58 x57          *              0             0             1 
    59 x58          *              0             0             1 
    60 x59          *              0             0             1 
    61 x60          *              0             0             1 
    62 x61          *              0             0             1 
    63 x62          *              0             0             1 
    64 x63          *              0             0             1 
    65 x64          *              0             0             1 
    66 x65          *              0             0             1 
    67 x66          *              0             0             1 
    68 x67          *              0             0             1 
    69 x68          *              0             0             1 
    70 x69          *              0             0             1 
    71 x70          *              0             0             1 
    72 x71          *              0             0             1 
    73 x72          *              0             0             1 
    74 x73          *              0             0             1 
    75 x74          *              0             0             1 
    76 x75          *              0             0             1 
    77 x76          *              0             0             1 
    78 x77          *              0             0             1 
    79 x78          *              0             0             1 
    80 x79          *              0             0             1 
    81 x80          *              0             0             1 
    82 x81          *              0             0             1 
    83 x82          *              0             0             1 
    84 x83          *              0             0             1 
    85 x84          *              0             0             1 
    86 x85          *              0             0             1 
    87 x86          *              0             0             1 
    88 x87          *              0             0             1 
    89 x88          *              0             0             1 
    90 x89          *              0             0             1 
    91 x90          *              0             0             1 
    92 x91          *              0             0             1 
    93 x92          *              0             0             1 
    94 x93          *              0             0             1 
    95 x94          *              1             0             1 
    96 x95          *              0             0             1 
    97 x96          *              0             0             1 
    98 x97          *              0             0             1 
    99 x98          *              0             0             1 
   100 x99          *              0             0             1 
   101 x100         *              0             0             1 
   102 x101         *              0             0             1 
   103 x102         *              0             0             1 
   104 x103         *              0             0             1 
   105 x104         *              0             0             1 
   106 x105         *              0             0             1 
   107 x106         *              0             0             1 
   108 x107         *              0             0             1 
   109 x108         *              0             0             1 
   110 x109         *              0             0             1 
   111 x110         *              0             0             1 
   112 x111         *              0             0             1 
   113 x112         *              0             0             1 
   114 x113         *              0             0             1 
   115 x114         *              0             0             1 
   116 x115         *              0             0             1 
   117 x116         *              0             0             1 
   118 x117         *              0             0             1 
   119 x118         *              0             0             1 
   120 x119         *              0             0             1 
   121 x120         *              0             0             1 
   122 x121         *              0             0             1 
   123 x122         *              0             0             1 
   124 x123         *              1             0             1 
   125 x124         *              0             0             1 
   126 x125         *              0             0             1 
   127 x126         *              0             0             1 
   128 x127         *              0             0             1 
   129 x128         *              0             0             1 
   130 x129         *              0             0             1 
   131 x130         *              1             0             1 
   132 x131         *              0             0             1 
   133 x132         *              0             0             1 
   134 x133         *              0             0             1 
   135 x134         *              0             0             1 
   136 x135         *              0             0             1 
   137 x136         *              0             0             1 
   138 x137         *              0             0             1 
   139 x138         *              0             0             1 
   140 x139         *              0             0             1 
   141 x140         *              0             0             1 
   142 x141         *              0             0             1 
   143 x142         *              0             0             1 
   144 x143         *              0             0             1 
   145 x144         *              0             0             1 
   146 x145         *              0             0             1 
   147 x146         *              0             0             1 
   148 x147         *              0             0             1 
   149 x148         *              0             0             1 
   150 x149         *              1             0             1 
   151 x150         *              0             0             1 
   152 x151         *              0             0             1 
   153 x152         *              0             0             1 
   154 x153         *              0             0             1 
   155 x154         *              0             0             1 
   156 x155         *              0             0             1 
   157 x156         *              0             0             1 
   158 x157         *              0             0             1 
   159 x158         *              0             0             1 
   160 x159         *              0             0             1 
   161 x160         *              0             0             1 
   162 x161         *              0             0             1 
   163 x162         *              0             0             1 
   164 x163         *              0             0             1 
   165 x164         *              0             0             1 
   166 x165         *              0             0             1 
   167 x166         *              0             0             1 
   168 x167         *              0             0             1 
   169 x168         *              0             0             1 
   170 x169         *              0             0             1 
   171 x170         *              0             0             1 
   172 x171         *              0             0             1 
   173 x172         *              0             0             1 
   174 x173         *              0             0             1 
   175 x174         *              0             0             1 
   176 x175         *              0             0             1 
   177 x176         *              0             0             1 
   178 x177         *              0             0             1 
   179 x178         *              0             0             1 
   180 x179         *              0             0             1 
   181 x180         *              0             0             1 
   182 x181         *              0             0             1 
   183 x182         *              0             0             1 
   184 x183         *              0             0             1 
   185 x184         *              0             0             1 
   186 x185         *              0             0             1 
   187 x186         *              0             0             1 
   188 x187         *              0             0             1 
   189 x188         *              0             0             1 
   190 x189         *              0             0             1 
   191 x190         *              0             0             1 
   192 x191         *              0             0             1 
   193 x192         *              0             0             1 
   194 x193         *              0             0             1 
   195 x194         *              0             0             1 
   196 x195         *              0             0             1 
   197 x196         *              0             0             1 
   198 x197         *              0             0             1 
   199 x198         *              0             0             1 
   200 x199         *              0             0             1 
   201 x200         *              0             0             1 
   202 x201         *              0             0             1 
   203 x202         *              0             0             1 
   204 x203         *              0             0             1 
   205 x204         *              0             0             1 
   206 x205         *              0             0             1 
   207 x206         *              0             0             1 
   208 x207         *              0             0             1 
   209 x208         *              0             0             1 
   210 x209         *              0             0             1 
   211 x210         *              1             0             1 
   212 x211         *              0             0             1 
   213 x212         *              0             0             1 
   214 x213         *              0             0             1 
   215 x214         *              0             0             1 
   216 x215         *              0             0             1 
   217 x216         *              0             0             1 
   218 x217         *              0             0             1 
   219 x218         *              0             0             1 
   220 x219         *              0             0             1 
   221 x220         *              0             0             1 
   222 x221         *              0             0             1 
   223 x222         *              0             0             1 
   224 x223         *              0             0             1 
   225 x224         *              0             0             1 
   226 x225         *              0             0             1 
   227 x226         *              0             0             1 
   228 x227         *              0             0             1 
   229 x228         *              0             0             1 
   230 x229         *              0             0             1 
   231 x230         *              0             0             1 
   232 x231         *              0             0             1 
   233 x232         *              0             0             1 
   234 x233         *              0             0             1 
   235 x234         *              0             0             1 
   236 x235         *              0             0             1 
   237 x236         *              0             0             1 
   238 x237         *              0             0             1 
   239 x238         *              0             0             1 
   240 x239         *              0             0             1 
   241 x240         *              0             0             1 
   242 x241         *              0             0             1 
   243 x242         *              0             0             1 
   244 x243         *              0             0             1 
   245 x244         *              0             0             1 
   246 x245         *              0             0             1 
   247 x246         *              0             0             1 
   248 x247         *              0             0             1 
   249 x248         *              0             0             1 
   250 x249         *              0             0             1 
   251 x250         *              0             0             1 
   252 x251         *              0             0             1 
   253 x252         *              0             0             1 
   254 x253         *              0             0             1 
   255 x254         *              0             0             1 
   256 x255         *              0             0             1 
   257 x256         *              0             0             1 
   258 x257         *              0             0             1 
   259 x258         *              0             0             1 
   260 x259         *              0             0             1 
   261 x260         *              0             0             1 
   262 x261         *              0             0             1 
   263 x262         *              0             0             1 
   264 x263         *              0             0             1 
   265 x264         *              0             0             1 
   266 x265         *              0             0             1 
   267 x266         *              0             0             1 
   268 x267         *              0             0             1 
   269 x268         *              0             0             1 
   270 x269         *              0             0             1 
   271 x270         *              0             0             1 
   272 x271         *              0             0             1 
   273 x272         *              0             0             1 
   274 x273         *              0             0             1 
   275 x274         *              0             0             1 
   276 x275         *              0             0             1 
   277 x276         *              0             0             1 
   278 x277         *              0             0             1 
   279 x278         *              0             0             1 
   280 x279         *              0             0             1 
   281 x280         *              0             0             1 
   282 x281         *              0             0             1 
   283 x282         *              0             0             1 
   284 x283         *              0             0             1 
   285 x284         *              0             0             1 
   286 x285         *              0             0             1 
   287 x286         *              0             0             1 
   288 x287         *              0             0             1 
   289 x288         *              0             0             1 
   290 x289         *              0             0             1 
   291 x290         *              0             0             1 
   292 x291         *              0             0             1 
   293 x292         *              0             0             1 
   294 x293         *              0             0             1 
   295 x294         *              0             0             1 
   296 x295         *              0             0             1 
   297 x296         *              0             0             1 
   298 x297         *              0             0             1 
   299 x298         *              0             0             1 
   300 x299         *              1             0             1 

Integer feasibility conditions:

KKT.PE: max.abs.err = 0.00e+00 on row 0
        max.rel.err = 0.00e+00 on row 0
        High quality

KKT.PB: max.abs.err = 0.00e+00 on row 0
        max.rel.err = 0.00e+00 on row 0
        High quality

End of output
