Problem:    
Rows:       371
Columns:    375 (375 integer, 375 binary)
Non-zeros:  38066
Status:     INTEGER OPTIMAL
Objective:  z = 102 (MAXimum)

   No.   Row name        Activity     Lower bound   Upper bound
------ ------------    ------------- ------------- -------------
     1 c1                          3                         215 
     2 c2                          3                         233 
     3 c3                          4                         242 
     4 c4                          3                         150 
     5 c5                          2                         188 
     6 c6                          4                         208 
     7 c7                          3                         148 
     8 c8                          4                         180 
     9 c9                          3                         208 
    10 c10                         3                         180 
    11 c11                         4                         204 
    12 c12                         3                         209 
    13 c13                         4                         220 
    14 c14                         4                         214 
    15 c15                         4                         199 
    16 c16                         3                         184 
    17 c17                         3                         215 
    18 c18                         4                         183 
    19 c19                         4                         214 
    20 c20                         3                         230 
    21 c21                         3                         175 
    22 c22                         4                         186 
    23 c23                         3                         211 
    24 c24                         3                         177 
    25 c25                         2                         194 
    26 c26                         2                         189 
    27 c27                         3                         207 
    28 c28                         4                         191 
    29 c29                         4                         161 
    30 c30                         4                         166 
    31 c31                         4                         181 
    32 c32                         3                         202 
    33 c33                         3                         195 
    34 c34                         3                         130 
    35 c35                         3                         189 
    36 c36                         3                         206 
    37 c37                         2                         206 
    38 c38                         4                         202 
    39 c39                         4                         164 
    40 c40                         4                         157 
    41 c41                         3                         159 
    42 c42                         3                         160 
    43 c43                         2                         167 
    44 c44                         4                         207 
    45 c45                         3                         178 
    46 c46                         2                         201 
    47 c47                         4                         188 
    48 c48                         3                         180 
    49 c49                         4                         188 
    50 c50                         3                         187 
    51 c51                         3                         155 
    52 c52                         2                         196 
    53 c53                         2                         181 
    54 c54                         3                         168 
    55 c55                         2                         176 
    56 c56                         3                         173 
    57 c57                         4                         175 
    58 c58                         4                         206 
    59 c59                         3                         165 
    60 c60                         4                         190 
    61 c61                         4                         189 
    62 c62                         3                         172 
    63 c63                         3                         165 
    64 c64                         3                         131 
    65 c65                         2                         142 
    66 c66                         3                         135 
    67 c67                         2                         179 
    68 c68                         4                         202 
    69 c69                         4                         163 
    70 c70                         3                         159 
    71 c71                         3                         166 
    72 c72                         3                         177 
    73 c73                         4                         175 
    74 c74                         3                         149 
    75 c75                         4                         195 
    76 c76                         2                         152 
    77 c77                         3                         157 
    78 c78                         2                         173 
    79 c79                         4                         158 
    80 c80                         3                         144 
    81 c81                         3                         136 
    82 c82                         4                         143 
    83 c83                         3                         160 
    84 c84                         3                         142 
    85 c85                         3                         142 
    86 c86                         3                         169 
    87 c87                         4                         180 
    88 c88                         3                         148 
    89 c89                         4                         179 
    90 c90                         2                         135 
    91 c91                         4                         147 
    92 c92                         4                         198 
    93 c93                         3                         153 
    94 c94                         4                         148 
    95 c95                         3                         131 
    96 c96                         3                         152 
    97 c97                         4                         157 
    98 c98                         3                         147 
    99 c99                         4                         165 
   100 c100                        3                         143 
   101 c101                        3                         152 
   102 c102                        4                         174 
   103 c103                        3                         135 
   104 c104                      136                         136 
   105 c105                        2                         135 
   106 c106                        2                         160 
   107 c107                        3                         181 
   108 c108                        1                         131 
   109 c109                        2                         142 
   110 c110                        3                         132 
   111 c111                        3                         117 
   112 c112                        2                         131 
   113 c113                        2                         127 
   114 c114                        1                         158 
   115 c115                        2                         152 
   116 c116                        3                         134 
   117 c117                        2                         154 
   118 c118                        2                         162 
   119 c119                        2                         158 
   120 c120                        2                         115 
   121 c121                        2                         122 
   122 c122                        2                         146 
   123 c123                        3                         114 
   124 c124                        3                         140 
   125 c125                        2                         135 
   126 c126                        2                         101 
   127 c127                        3                         151 
   128 c128                        3                         132 
   129 c129                        3                         141 
   130 c130                        1                         129 
   131 c131                        2                         157 
   132 c132                        2                         138 
   133 c133                        2                         102 
   134 c134                        3                         120 
   135 c135                        3                         127 
   136 c136                        3                         131 
   137 c137                        3                         114 
   138 c138                        2                         141 
   139 c139                        2                         129 
   140 c140                        3                         134 
   141 c141                        2                         121 
   142 c142                        2                         132 
   143 c143                        2                         138 
   144 c144                        2                         119 
   145 c145                        1                         146 
   146 c146                        3                         120 
   147 c147                      120                         120 
   148 c148                        2                         107 
   149 c149                        3                         112 
   150 c150                        2                         138 
   151 c151                        2                         115 
   152 c152                        1                         108 
   153 c153                        1                         127 
   154 c154                        4                         106 
   155 c155                        2                         120 
   156 c156                        2                         104 
   157 c157                        2                         102 
   158 c158                        4                         126 
   159 c159                        1                         125 
   160 c160                        2                         123 
   161 c161                        2                         113 
   162 c162                        2                         121 
   163 c163                        1                         135 
   164 c164                        2                         113 
   165 c165                        3                         112 
   166 c166                        2                         101 
   167 c167                        2                          88 
   168 c168                        1                          84 
   169 c169                        3                         119 
   170 c170                        1                         111 
   171 c171                        1                         132 
   172 c172                        0                          98 
   173 c173                        2                         102 
   174 c174                        2                         100 
   175 c175                        4                         108 
   176 c176                        3                         116 
   177 c177                        3                         110 
   178 c178                        1                          92 
   179 c179                        2                          99 
   180 c180                        1                         116 
   181 c181                        1                          83 
   182 c182                        2                         107 
   183 c183                        2                         100 
   184 c184                        2                          73 
   185 c185                        1                          67 
   186 c186                        2                          93 
   187 c187                        0                         106 
   188 c188                        2                          87 
   189 c189                        2                          99 
   190 c190                        2                          84 
   191 c191                        3                          90 
   192 c192                       85                          85 
   193 c193                        0                          94 
   194 c194                        3                          97 
   195 c195                        0                          92 
   196 c196                        1                          87 
   197 c197                        0                          69 
   198 c198                        2                          96 
   199 c199                        3                          98 
   200 c200                        1                          61 
   201 c201                        2                         106 
   202 c202                        0                          99 
   203 c203                        2                         108 
   204 c204                        2                         120 
   205 c205                        2                         100 
   206 c206                        3                          88 
   207 c207                        0                          82 
   208 c208                        0                         103 
   209 c209                        2                          81 
   210 c210                        1                          92 
   211 c211                        2                          91 
   212 c212                        2                          92 
   213 c213                        1                          83 
   214 c214                        2                          60 
   215 c215                        2                          78 
   216 c216                        2                          76 
   217 c217                        1                          89 
   218 c218                        2                         101 
   219 c219                        1                          90 
   220 c220                        1                         106 
   221 c221                        1                          96 
   222 c222                        1                          77 
   223 c223                        0                          73 
   224 c224                        2                          91 
   225 c225                        2                          74 
   226 c226                        1                          93 
   227 c227                        0                          91 
   228 c228                       72                          72 
   229 c229                        2                          82 
   230 c230                        1                          82 
   231 c231                        0                          81 
   232 c232                        0                          80 
   233 c233                        1                          82 
   234 c234                        1                          62 
   235 c235                        1                          92 
   236 c236                        2                          81 
   237 c237                        1                          87 
   238 c238                        0                          72 
   239 c239                        1                          54 
   240 c240                        1                          84 
   241 c241                        2                          73 
   242 c242                        0                          74 
   243 c243                        1                          58 
   244 c244                        1                          81 
   245 c245                        0                          59 
   246 c246                        2                          60 
   247 c247                        1                          67 
   248 c248                        2                          70 
   249 c249                        0                          64 
   250 c250                        1                          58 
   251 c251                        2                          60 
   252 c252                        1                          60 
   253 c253                        1                          74 
   254 c254                        1                          74 
   255 c255                        0                          69 
   256 c256                        0                          44 
   257 c257                       73                          73 
   258 c258                        0                          64 
   259 c259                        0                          68 
   260 c260                        0                          65 
   261 c261                        0                          62 
   262 c262                        0                          64 
   263 c263                        0                          63 
   264 c264                        0                          58 
   265 c265                        1                          58 
   266 c266                        0                          67 
   267 c267                        1                          65 
   268 c268                        1                          58 
   269 c269                        0                          66 
   270 c270                        0                          63 
   271 c271                        1                          53 
   272 c272                        1                          50 
   273 c273                        0                          70 
   274 c274                        1                          38 
   275 c275                        0                          57 
   276 c276                        0                          54 
   277 c277                        1                          55 
   278 c278                        1                          55 
   279 c279                        0                          58 
   280 c280                       43                          43 
   281 c281                        0                          57 
   282 c282                        0                          52 
   283 c283                        0                          43 
   284 c284                        0                          44 
   285 c285                        0                          40 
   286 c286                        0                          51 
   287 c287                        0                          47 
   288 c288                        0                          46 
   289 c289                        0                          37 
   290 c290                        0                          43 
   291 c291                        0                          37 
   292 c292                        0                          44 
   293 c293                        0                          49 
   294 c294                        0                          42 
   295 c295                        0                          41 
   296 c296                        0                          45 
   297 c297                        0                          47 
   298 c298                        0                          37 
   299 c299                        0                          36 
   300 c300                        0                          43 
   301 c301                        0                          43 
   302 c302                        0                          29 
   303 c303                        0                          30 
   304 c304                        0                          36 
   305 c305                        0                          34 
   306 c306                        0                          21 
   307 c307                        0                          31 
   308 c308                        0                          40 
   309 c309                        0                          18 
   310 c310                        0                          35 
   311 c311                        0                          31 
   312 c312                        0                          31 
   313 c313                        0                          32 
   314 c314                        0                          24 
   315 c315                        0                          32 
   316 c316                        0                          25 
   317 c317                        0                          29 
   318 c318                        0                          29 
   319 c319                        0                          37 
   320 c320                        0                          34 
   321 c321                        0                          27 
   322 c322                        0                          23 
   323 c323                        0                          16 
   324 c324                        0                          29 
   325 c325                        0                          23 
   326 c326                        0                          18 
   327 c327                        0                          25 
   328 c328                        0                          25 
   329 c329                        0                          23 
   330 c330                        0                          28 
   331 c331                        0                          18 
   332 c332                        0                          26 
   333 c333                        0                          26 
   334 c334                        0                          24 
   335 c335                        0                          18 
   336 c336                        0                          19 
   337 c337                        0                          21 
   338 c338                        0                          15 
   339 c339                        0                          21 
   340 c340                        0                          21 
   341 c341                        0                          18 
   342 c342                        0                          22 
   343 c343                        0                          22 
   344 c344                        0                          16 
   345 c345                        0                          14 
   346 c346                        0                          11 
   347 c347                        0                          11 
   348 c348                        0                          19 
   349 c349                        0                          11 
   350 c350                        0                          11 
   351 c351                        0                           6 
   352 c352                        0                          17 
   353 c353                        0                          13 
   354 c354                        0                          14 
   355 c355                        0                           4 
   356 c356                        0                           6 
   357 c357                        0                          14 
   358 c358                        0                          12 
   359 c359                        0                           8 
   360 c360                        0                          11 
   361 c361                        0                           8 
   362 c362                        0                          10 
   363 c363                        0                           5 
   364 c364                        0                           8 
   365 c365                        0                           5 
   366 c366                        0                           6 
   367 c367                        0                           6 
   368 c368                        0                           1 
   369 c369                        0                           4 
   370 c370                        0                           2 
   371 c371                        0                           1 

   No. Column name       Activity     Lower bound   Upper bound
------ ------------    ------------- ------------- -------------
     1 x0           *              0             0             1 
     2 x1           *              0             0             1 
     3 x2           *              0             0             1 
     4 x3           *              0             0             1 
     5 x4           *              0             0             1 
     6 x5           *              0             0             1 
     7 x6           *              0             0             1 
     8 x7           *              0             0             1 
     9 x8           *              0             0             1 
    10 x9           *              0             0             1 
    11 x10          *              0             0             1 
    12 x11          *              0             0             1 
    13 x12          *              0             0             1 
    14 x13          *              0             0             1 
    15 x14          *              0             0             1 
    16 x15          *              0             0             1 
    17 x16          *              0             0             1 
    18 x17          *              0             0             1 
    19 x18          *              0             0             1 
    20 x19          *              0             0             1 
    21 x20          *              0             0             1 
    22 x21          *              0             0             1 
    23 x22          *              0             0             1 
    24 x23          *              0             0             1 
    25 x24          *              0             0             1 
    26 x25          *              0             0             1 
    27 x26          *              0             0             1 
    28 x27          *              0             0             1 
    29 x28          *              0             0             1 
    30 x29          *              0             0             1 
    31 x30          *              0             0             1 
    32 x31          *              0             0             1 
    33 x32          *              0             0             1 
    34 x33          *              0             0             1 
    35 x34          *              0             0             1 
    36 x35          *              0             0             1 
    37 x36          *              0             0             1 
    38 x37          *              0             0             1 
    39 x38          *              0             0             1 
    40 x39          *              0             0             1 
    41 x40          *              0             0             1 
    42 x41          *              0             0             1 
    43 x42          *              0             0             1 
    44 x43          *              0             0             1 
    45 x44          *              0             0             1 
    46 x45          *              0             0             1 
    47 x46          *              0             0             1 
    48 x47          *              0             0             1 
    49 x48          *              0             0             1 
    50 x49          *              0             0             1 
    51 x50          *              0             0             1 
    52 x51          *              0             0             1 
    53 x52          *              0             0             1 
    54 x53          *              0             0             1 
    55 x54          *              0             0             1 
    56 x55          *              0             0             1 
    57 x56          *              0             0             1 
    58 x57          *              0             0             1 
    59 x58          *              0             0             1 
    60 x59          *              0             0             1 
    61 x60          *              0             0             1 
    62 x61          *              0             0             1 
    63 x62          *              0             0             1 
    64 x63          *              0             0             1 
    65 x64          *              0             0             1 
    66 x65          *              0             0             1 
    67 x66          *              0             0             1 
    68 x67          *              0             0             1 
    69 x68          *              0             0             1 
    70 x69          *              0             0             1 
    71 x70          *              0             0             1 
    72 x71          *              0             0             1 
    73 x72          *              0             0             1 
    74 x73          *              0             0             1 
    75 x74          *              0             0             1 
    76 x75          *              0             0             1 
    77 x76          *              0             0             1 
    78 x77          *              0             0             1 
    79 x78          *              0             0             1 
    80 x79          *              0             0             1 
    81 x80          *              0             0             1 
    82 x81          *              0             0             1 
    83 x82          *              0             0             1 
    84 x83          *              0             0             1 
    85 x84          *              0             0             1 
    86 x85          *              0             0             1 
    87 x86          *              0             0             1 
    88 x87          *              0             0             1 
    89 x88          *              0             0             1 
    90 x89          *              0             0             1 
    91 x90          *              0             0             1 
    92 x91          *              0             0             1 
    93 x92          *              0             0             1 
    94 x93          *              0             0             1 
    95 x94          *              0             0             1 
    96 x95          *              0             0             1 
    97 x96          *              0             0             1 
    98 x97          *              0             0             1 
    99 x98          *              0             0             1 
   100 x99          *              0             0             1 
   101 x100         *              0             0             1 
   102 x101         *              0             0             1 
   103 x102         *              0             0             1 
   104 x103         *              1             0             1 
   105 x104         *              0             0             1 
   106 x105         *              0             0             1 
   107 x106         *              0             0             1 
   108 x107         *              0             0             1 
   109 x108         *              0             0             1 
   110 x109         *              0             0             1 
   111 x110         *              0             0             1 
   112 x111         *              0             0             1 
   113 x112         *              0             0             1 
   114 x113         *              0             0             1 
   115 x114         *              0             0             1 
   116 x115         *              0             0             1 
   117 x116         *              0             0             1 
   118 x117         *              0             0             1 
   119 x118         *              0             0             1 
   120 x119         *              0             0             1 
   121 x120         *              0             0             1 
   122 x121         *              0             0             1 
   123 x122         *              0             0             1 
   124 x123         *              0             0             1 
   125 x124         *              0             0             1 
   126 x125         *              0             0             1 
   127 x126         *              0             0             1 
   128 x127         *              0             0             1 
   129 x128         *              0             0             1 
   130 x129         *              0             0             1 
   131 x130         *              0             0             1 
   132 x131         *              0             0             1 
   133 x132         *              0             0             1 
   134 x133         *              0             0             1 
   135 x134         *              0             0             1 
   136 x135         *              0             0             1 
   137 x136         *              0             0             1 
   138 x137         *              0             0             1 
   139 x138         *              0             0             1 
   140 x139         *              0             0             1 
   141 x140         *              0             0             1 
   142 x141         *              0             0             1 
   143 x142         *              0             0             1 
   144 x143         *              0             0             1 
   145 x144         *              0             0             1 
   146 x145         *              0             0             1 
   147 x146         *              1             0             1 
   148 x147         *              0             0             1 
   149 x148         *              0             0             1 
   150 x149         *              0             0             1 
   151 x150         *              0             0             1 
   152 x151         *              0             0             1 
   153 x152         *              0             0             1 
   154 x153         *              0             0             1 
   155 x154         *              0             0             1 
   156 x155         *              0             0             1 
   157 x156         *              0             0             1 
   158 x157         *              0             0             1 
   159 x158         *              0             0             1 
   160 x159         *              0             0             1 
   161 x160         *              0             0             1 
   162 x161         *              0             0             1 
   163 x162         *              0             0             1 
   164 x163         *              0             0             1 
   165 x164         *              0             0             1 
   166 x165         *              0             0             1 
   167 x166         *              0             0             1 
   168 x167         *              0             0             1 
   169 x168         *              0             0             1 
   170 x169         *              0             0             1 
   171 x170         *              0             0             1 
   172 x171         *              0             0             1 
   173 x172         *              0             0             1 
   174 x173         *              0             0             1 
   175 x174         *              0             0             1 
   176 x175         *              0             0             1 
   177 x176         *              0             0             1 
   178 x177         *              0             0             1 
   179 x178         *              0             0             1 
   180 x179         *              0             0             1 
   181 x180         *              0             0             1 
   182 x181         *              0             0             1 
   183 x182         *              0             0             1 
   184 x183         *              0             0             1 
   185 x184         *              0             0             1 
   186 x185         *              0             0             1 
   187 x186         *              0             0             1 
   188 x187         *              0             0             1 
   189 x188         *              0             0             1 
   190 x189         *              0             0             1 
   191 x190         *              0             0             1 
   192 x191         *              1             0             1 
   193 x192         *              0             0             1 
   194 x193         *              0             0             1 
   195 x194         *              0             0             1 
   196 x195         *              0             0             1 
   197 x196         *              0             0             1 
   198 x197         *              0             0             1 
   199 x198         *              0             0             1 
   200 x199         *              0             0             1 
   201 x200         *              0             0             1 
   202 x201         *              0             0             1 
   203 x202         *              0             0             1 
   204 x203         *              0             0             1 
   205 x204         *              0             0             1 
   206 x205         *              0             0             1 
   207 x206         *              0             0             1 
   208 x207         *              0             0             1 
   209 x208         *              0             0             1 
   210 x209         *              0             0             1 
   211 x210         *              0             0             1 
   212 x211         *              0             0             1 
   213 x212         *              0             0             1 
   214 x213         *              0             0             1 
   215 x214         *              0             0             1 
   216 x215         *              0             0             1 
   217 x216         *              0             0             1 
   218 x217         *              0             0             1 
   219 x218         *              0             0             1 
   220 x219         *              0             0             1 
   221 x220         *              0             0             1 
   222 x221         *              0             0             1 
   223 x222         *              0             0             1 
   224 x223         *              0             0             1 
   225 x224         *              0             0             1 
   226 x225         *              0             0             1 
   227 x226         *              0             0             1 
   228 x227         *              1             0             1 
   229 x228         *              0             0             1 
   230 x229         *              0             0             1 
   231 x230         *              0             0             1 
   232 x231         *              0             0             1 
   233 x232         *              0             0             1 
   234 x233         *              0             0             1 
   235 x234         *              0             0             1 
   236 x235         *              0             0             1 
   237 x236         *              0             0             1 
   238 x237         *              0             0             1 
   239 x238         *              0             0             1 
   240 x239         *              0             0             1 
   241 x240         *              0             0             1 
   242 x241         *              0             0             1 
   243 x242         *              0             0             1 
   244 x243         *              0             0             1 
   245 x244         *              0             0             1 
   246 x245         *              0             0             1 
   247 x246         *              0             0             1 
   248 x247         *              0             0             1 
   249 x248         *              0             0             1 
   250 x249         *              0             0             1 
   251 x250         *              0             0             1 
   252 x251         *              0             0             1 
   253 x252         *              0             0             1 
   254 x253         *              0             0             1 
   255 x254         *              0             0             1 
   256 x255         *              0             0             1 
   257 x256         *              1             0             1 
   258 x257         *              0             0             1 
   259 x258         *              0             0             1 
   260 x259         *              0             0             1 
   261 x260         *              0             0             1 
   262 x261         *              0             0             1 
   263 x262         *              0             0             1 
   264 x263         *              0             0             1 
   265 x264         *              0             0             1 
   266 x265         *              0             0             1 
   267 x266         *              0             0             1 
   268 x267         *              0             0             1 
   269 x268         *              0             0             1 
   270 x269         *              0             0             1 
   271 x270         *              0             0             1 
   272 x271         *              0             0             1 
   273 x272         *              0             0             1 
   274 x273         *              0             0             1 
   275 x274         *              0             0             1 
   276 x275         *              0             0             1 
   277 x276         *              0             0             1 
   278 x277         *              0             0             1 
   279 x278         *              0             0             1 
   280 x279         *              1             0             1 
   281 x280         *              0             0             1 
   282 x281         *              0             0             1 
   283 x282         *              0             0             1 
   284 x283         *              0             0             1 
   285 x284         *              0             0             1 
   286 x285         *              0             0             1 
   287 x286         *              0             0             1 
   288 x287         *              0             0             1 
   289 x288         *              0             0             1 
   290 x289         *              0             0             1 
   291 x290         *              0             0             1 
   292 x291         *              0             0             1 
   293 x292         *              0             0             1 
   294 x293         *              0             0             1 
   295 x294         *              0             0             1 
   296 x295         *              0             0             1 
   297 x296         *              0             0             1 
   298 x297         *              0             0             1 
   299 x298         *              0             0             1 
   300 x299         *              0             0             1 
   301 x300         *              0             0             1 
   302 x301         *              0             0             1 
   303 x302         *              0             0             1 
   304 x303         *              0             0             1 
   305 x304         *              0             0             1 
   306 x305         *              0             0             1 
   307 x306         *              0             0             1 
   308 x307         *              0             0             1 
   309 x308         *              0             0             1 
   310 x309         *              0             0             1 
   311 x310         *              0             0             1 
   312 x311         *              0             0             1 
   313 x312         *              0             0             1 
   314 x313         *              0             0             1 
   315 x314         *              0             0             1 
   316 x315         *              0             0             1 
   317 x316         *              0             0             1 
   318 x317         *              0             0             1 
   319 x318         *              0             0             1 
   320 x319         *              0             0             1 
   321 x320         *              0             0             1 
   322 x321         *              0             0             1 
   323 x322         *              0             0             1 
   324 x323         *              0             0             1 
   325 x324         *              0             0             1 
   326 x325         *              0             0             1 
   327 x326         *              0             0             1 
   328 x327         *              0             0             1 
   329 x328         *              0             0             1 
   330 x329         *              0             0             1 
   331 x330         *              0             0             1 
   332 x331         *              0             0             1 
   333 x332         *              0             0             1 
   334 x333         *              0             0             1 
   335 x334         *              0             0             1 
   336 x335         *              0             0             1 
   337 x336         *              0             0             1 
   338 x337         *              0             0             1 
   339 x338         *              0             0             1 
   340 x339         *              0             0             1 
   341 x340         *              0             0             1 
   342 x341         *              0             0             1 
   343 x342         *              0             0             1 
   344 x343         *              0             0             1 
   345 x344         *              0             0             1 
   346 x345         *              0             0             1 
   347 x346         *              0             0             1 
   348 x347         *              0             0             1 
   349 x348         *              0             0             1 
   350 x349         *              0             0             1 
   351 x350         *              0             0             1 
   352 x351         *              0             0             1 
   353 x352         *              0             0             1 
   354 x353         *              0             0             1 
   355 x354         *              0             0             1 
   356 x355         *              0             0             1 
   357 x356         *              0             0             1 
   358 x357         *              0             0             1 
   359 x358         *              0             0             1 
   360 x359         *              0             0             1 
   361 x360         *              0             0             1 
   362 x361         *              0             0             1 
   363 x362         *              0             0             1 
   364 x363         *              0             0             1 
   365 x364         *              0             0             1 
   366 x365         *              0             0             1 
   367 x366         *              0             0             1 
   368 x367         *              0             0             1 
   369 x368         *              0             0             1 
   370 x369         *              0             0             1 
   371 x370         *              0             0             1 
   372 x371         *              0             0             1 
   373 x372         *              0             0             1 
   374 x373         *              0             0             1 
   375 x374         *              0             0             1 

Integer feasibility conditions:

KKT.PE: max.abs.err = 0.00e+00 on row 0
        max.rel.err = 0.00e+00 on row 0
        High quality

KKT.PB: max.abs.err = 0.00e+00 on row 0
        max.rel.err = 0.00e+00 on row 0
        High quality

End of output
