Problem:    
Rows:       299
Columns:    300 (300 integer, 300 binary)
Non-zeros:  27798
Status:     INTEGER OPTIMAL
Objective:  z = 80 (MAXimum)

   No.   Row name        Activity     Lower bound   Upper bound
------ ------------    ------------- ------------- -------------
     1 c1                          3                         193 
     2 c2                          3                         145 
     3 c3                          2                         224 
     4 c4                          4                         155 
     5 c5                          4                         182 
     6 c6                          4                         167 
     7 c7                          2                         159 
     8 c8                          3                         170 
     9 c9                          4                         189 
    10 c10                         2                         163 
    11 c11                         3                         182 
    12 c12                         2                         202 
    13 c13                         2                         176 
    14 c14                         3                         167 
    15 c15                         3                         179 
    16 c16                         2                         181 
    17 c17                         4                         183 
    18 c18                         2                         142 
    19 c19                         3                         172 
    20 c20                         3                         180 
    21 c21                         2                         156 
    22 c22                         4                         187 
    23 c23                         4                         182 
    24 c24                         4                         183 
    25 c25                         4                         191 
    26 c26                         4                         171 
    27 c27                         3                         177 
    28 c28                         2                         137 
    29 c29                         4                         177 
    30 c30                         3                         172 
    31 c31                         4                         165 
    32 c32                         3                         167 
    33 c33                         3                         138 
    34 c34                         3                         185 
    35 c35                         3                         169 
    36 c36                         2                         148 
    37 c37                         2                         157 
    38 c38                         4                         186 
    39 c39                         3                         155 
    40 c40                         3                         154 
    41 c41                         3                         168 
    42 c42                         3                         135 
    43 c43                         3                         151 
    44 c44                         3                         150 
    45 c45                       118                         118 
    46 c46                         3                         126 
    47 c47                         3                         141 
    48 c48                         3                         166 
    49 c49                         3                         173 
    50 c50                         2                         132 
    51 c51                         3                         156 
    52 c52                         2                         140 
    53 c53                         2                         143 
    54 c54                         2                         152 
    55 c55                         3                         169 
    56 c56                         3                         144 
    57 c57                         2                         150 
    58 c58                         2                         135 
    59 c59                         3                         129 
    60 c60                         2                         126 
    61 c61                         2                         141 
    62 c62                         3                         167 
    63 c63                         3                         142 
    64 c64                         3                         175 
    65 c65                         2                         146 
    66 c66                         3                         162 
    67 c67                         3                         129 
    68 c68                         1                         120 
    69 c69                         3                         163 
    70 c70                         2                         120 
    71 c71                         1                         119 
    72 c72                         2                         131 
    73 c73                         3                         165 
    74 c74                         2                         146 
    75 c75                         2                         140 
    76 c76                         3                         143 
    77 c77                         2                         144 
    78 c78                         1                         107 
    79 c79                         3                         145 
    80 c80                         4                         145 
    81 c81                         3                         117 
    82 c82                         2                         148 
    83 c83                         2                         159 
    84 c84                         2                          97 
    85 c85                         2                         131 
    86 c86                         3                         144 
    87 c87                         2                         146 
    88 c88                         2                         130 
    89 c89                         3                         113 
    90 c90                         2                         136 
    91 c91                         3                         144 
    92 c92                         4                         129 
    93 c93                         3                         129 
    94 c94                         2                         111 
    95 c95                         3                         123 
    96 c96                         3                         133 
    97 c97                         3                         112 
    98 c98                         3                         126 
    99 c99                         3                         139 
   100 c100                        3                         135 
   101 c101                        2                         128 
   102 c102                        2                         138 
   103 c103                        3                         134 
   104 c104                        2                         125 
   105 c105                        3                         108 
   106 c106                        3                         124 
   107 c107                        3                         123 
   108 c108                        2                          96 
   109 c109                        3                         116 
   110 c110                        1                          94 
   111 c111                        3                         129 
   112 c112                        2                         119 
   113 c113                        2                         122 
   114 c114                        2                          85 
   115 c115                        4                         109 
   116 c116                        1                         112 
   117 c117                        2                         126 
   118 c118                        2                          99 
   119 c119                        1                          81 
   120 c120                        3                         100 
   121 c121                        3                         114 
   122 c122                        2                         112 
   123 c123                        2                          98 
   124 c124                        3                         100 
   125 c125                        1                         110 
   126 c126                        3                          91 
   127 c127                        3                         114 
   128 c128                        2                         116 
   129 c129                        3                          98 
   130 c130                        3                          84 
   131 c131                        3                         106 
   132 c132                        2                         103 
   133 c133                        2                         108 
   134 c134                        2                          78 
   135 c135                        2                         108 
   136 c136                        2                          86 
   137 c137                        2                          89 
   138 c138                        2                         101 
   139 c139                        3                         105 
   140 c140                        3                         100 
   141 c141                        3                         101 
   142 c142                        2                          89 
   143 c143                        2                          97 
   144 c144                        2                          98 
   145 c145                        3                          94 
   146 c146                        3                          97 
   147 c147                        3                         113 
   148 c148                        3                          93 
   149 c149                        3                         101 
   150 c150                        2                         102 
   151 c151                        3                         105 
   152 c152                        3                         106 
   153 c153                        3                          83 
   154 c154                        2                          80 
   155 c155                        3                          96 
   156 c156                        3                          92 
   157 c157                        3                          96 
   158 c158                        3                         112 
   159 c159                        2                          94 
   160 c160                        2                          76 
   161 c161                        2                          73 
   162 c162                        3                          73 
   163 c163                        3                          95 
   164 c164                        3                          73 
   165 c165                        2                          78 
   166 c166                        2                          79 
   167 c167                        2                          68 
   168 c168                        3                          90 
   169 c169                        2                          82 
   170 c170                        2                          61 
   171 c171                        2                          87 
   172 c172                        2                         101 
   173 c173                        2                          75 
   174 c174                        3                          77 
   175 c175                        3                          73 
   176 c176                       84                          84 
   177 c177                        1                          79 
   178 c178                        1                          72 
   179 c179                        3                          72 
   180 c180                        2                          72 
   181 c181                        2                          82 
   182 c182                        2                          60 
   183 c183                        2                          70 
   184 c184                        1                          75 
   185 c185                        3                          80 
   186 c186                        1                          77 
   187 c187                        3                          75 
   188 c188                        2                          71 
   189 c189                        1                          56 
   190 c190                        2                          87 
   191 c191                        1                          59 
   192 c192                        2                          67 
   193 c193                        3                          77 
   194 c194                        2                          70 
   195 c195                        3                          62 
   196 c196                        2                          67 
   197 c197                        3                          61 
   198 c198                        1                          62 
   199 c199                        2                          76 
   200 c200                        2                          56 
   201 c201                        2                          66 
   202 c202                        1                          54 
   203 c203                        3                          63 
   204 c204                        2                          70 
   205 c205                        2                          46 
   206 c206                        2                          64 
   207 c207                        2                          63 
   208 c208                        2                          62 
   209 c209                        3                          47 
   210 c210                        1                          67 
   211 c211                        2                          56 
   212 c212                        2                          51 
   213 c213                        2                          52 
   214 c214                        2                          51 
   215 c215                        2                          52 
   216 c216                        1                          51 
   217 c217                        2                          62 
   218 c218                        3                          51 
   219 c219                        1                          56 
   220 c220                        1                          57 
   221 c221                        2                          54 
   222 c222                        3                          53 
   223 c223                        1                          55 
   224 c224                       33                          33 
   225 c225                        2                          47 
   226 c226                        1                          46 
   227 c227                        2                          50 
   228 c228                        2                          44 
   229 c229                        1                          46 
   230 c230                       44                          44 
   231 c231                        1                          44 
   232 c232                        1                          46 
   233 c233                       54                          54 
   234 c234                        0                          47 
   235 c235                        0                          41 
   236 c236                        0                          35 
   237 c237                        0                          33 
   238 c238                        0                          40 
   239 c239                        0                          35 
   240 c240                        0                          44 
   241 c241                        0                          31 
   242 c242                        0                          37 
   243 c243                        0                          28 
   244 c244                        0                          36 
   245 c245                        0                          39 
   246 c246                        0                          33 
   247 c247                        0                          33 
   248 c248                        0                          27 
   249 c249                        0                          28 
   250 c250                        0                          25 
   251 c251                        0                          28 
   252 c252                        0                          33 
   253 c253                        0                          27 
   254 c254                        0                          25 
   255 c255                        0                          31 
   256 c256                        0                          23 
   257 c257                        0                          26 
   258 c258                        0                          29 
   259 c259                        0                          23 
   260 c260                        0                          34 
   261 c261                        0                          27 
   262 c262                        0                          23 
   263 c263                        0                          18 
   264 c264                        0                          20 
   265 c265                        0                          23 
   266 c266                        0                          23 
   267 c267                        0                          16 
   268 c268                        0                          15 
   269 c269                        0                          19 
   270 c270                        0                          18 
   271 c271                        0                          18 
   272 c272                        0                          15 
   273 c273                        0                          17 
   274 c274                        0                          16 
   275 c275                        0                          18 
   276 c276                        0                          22 
   277 c277                        0                          10 
   278 c278                        0                          15 
   279 c279                        0                          11 
   280 c280                        0                          11 
   281 c281                        0                          15 
   282 c282                        0                          11 
   283 c283                        0                          14 
   284 c284                        0                           8 
   285 c285                        0                          11 
   286 c286                        0                           5 
   287 c287                        0                           9 
   288 c288                        0                           8 
   289 c289                        0                           8 
   290 c290                        0                           4 
   291 c291                        0                           4 
   292 c292                        0                           7 
   293 c293                        0                           5 
   294 c294                        0                           5 
   295 c295                        0                           2 
   296 c296                        0                           4 
   297 c297                        0                           1 
   298 c298                        0                           2 
   299 c299                        0                           1 

   No. Column name       Activity     Lower bound   Upper bound
------ ------------    ------------- ------------- -------------
     1 x0           *              0             0             1 
     2 x1           *              0             0             1 
     3 x2           *              0             0             1 
     4 x3           *              0             0             1 
     5 x4           *              0             0             1 
     6 x5           *              0             0             1 
     7 x6           *              0             0             1 
     8 x7           *              0             0             1 
     9 x8           *              0             0             1 
    10 x9           *              0             0             1 
    11 x10          *              0             0             1 
    12 x11          *              0             0             1 
    13 x12          *              0             0             1 
    14 x13          *              0             0             1 
    15 x14          *              0             0             1 
    16 x15          *              0             0             1 
    17 x16          *              0             0             1 
    18 x17          *              0             0             1 
    19 x18          *              0             0             1 
    20 x19          *              0             0             1 
    21 x20          *              0             0             1 
    22 x21          *              0             0             1 
    23 x22          *              0             0             1 
    24 x23          *              0             0             1 
    25 x24          *              0             0             1 
    26 x25          *              0             0             1 
    27 x26          *              0             0             1 
    28 x27          *              0             0             1 
    29 x28          *              0             0             1 
    30 x29          *              0             0             1 
    31 x30          *              0             0             1 
    32 x31          *              0             0             1 
    33 x32          *              0             0             1 
    34 x33          *              0             0             1 
    35 x34          *              0             0             1 
    36 x35          *              0             0             1 
    37 x36          *              0             0             1 
    38 x37          *              0             0             1 
    39 x38          *              0             0             1 
    40 x39          *              0             0             1 
    41 x40          *              0             0             1 
    42 x41          *              0             0             1 
    43 x42          *              0             0             1 
    44 x43          *              0             0             1 
    45 x44          *              1             0             1 
    46 x45          *              0             0             1 
    47 x46          *              0             0             1 
    48 x47          *              0             0             1 
    49 x48          *              0             0             1 
    50 x49          *              0             0             1 
    51 x50          *              0             0             1 
    52 x51          *              0             0             1 
    53 x52          *              0             0             1 
    54 x53          *              0             0             1 
    55 x54          *              0             0             1 
    56 x55          *              0             0             1 
    57 x56          *              0             0             1 
    58 x57          *              0             0             1 
    59 x58          *              0             0             1 
    60 x59          *              0             0             1 
    61 x60          *              0             0             1 
    62 x61          *              0             0             1 
    63 x62          *              0             0             1 
    64 x63          *              0             0             1 
    65 x64          *              0             0             1 
    66 x65          *              0             0             1 
    67 x66          *              0             0             1 
    68 x67          *              0             0             1 
    69 x68          *              0             0             1 
    70 x69          *              0             0             1 
    71 x70          *              0             0             1 
    72 x71          *              0             0             1 
    73 x72          *              0             0             1 
    74 x73          *              0             0             1 
    75 x74          *              0             0             1 
    76 x75          *              0             0             1 
    77 x76          *              0             0             1 
    78 x77          *              0             0             1 
    79 x78          *              0             0             1 
    80 x79          *              0             0             1 
    81 x80          *              0             0             1 
    82 x81          *              0             0             1 
    83 x82          *              0             0             1 
    84 x83          *              0             0             1 
    85 x84          *              0             0             1 
    86 x85          *              0             0             1 
    87 x86          *              0             0             1 
    88 x87          *              0             0             1 
    89 x88          *              0             0             1 
    90 x89          *              0             0             1 
    91 x90          *              0             0             1 
    92 x91          *              0             0             1 
    93 x92          *              0             0             1 
    94 x93          *              0             0             1 
    95 x94          *              0             0             1 
    96 x95          *              0             0             1 
    97 x96          *              0             0             1 
    98 x97          *              0             0             1 
    99 x98          *              0             0             1 
   100 x99          *              0             0             1 
   101 x100         *              0             0             1 
   102 x101         *              0             0             1 
   103 x102         *              0             0             1 
   104 x103         *              0             0             1 
   105 x104         *              0             0             1 
   106 x105         *              0             0             1 
   107 x106         *              0             0             1 
   108 x107         *              0             0             1 
   109 x108         *              0             0             1 
   110 x109         *              0             0             1 
   111 x110         *              0             0             1 
   112 x111         *              0             0             1 
   113 x112         *              0             0             1 
   114 x113         *              0             0             1 
   115 x114         *              0             0             1 
   116 x115         *              0             0             1 
   117 x116         *              0             0             1 
   118 x117         *              0             0             1 
   119 x118         *              0             0             1 
   120 x119         *              0             0             1 
   121 x120         *              0             0             1 
   122 x121         *              0             0             1 
   123 x122         *              0             0             1 
   124 x123         *              0             0             1 
   125 x124         *              0             0             1 
   126 x125         *              0             0             1 
   127 x126         *              0             0             1 
   128 x127         *              0             0             1 
   129 x128         *              0             0             1 
   130 x129         *              0             0             1 
   131 x130         *              0             0             1 
   132 x131         *              0             0             1 
   133 x132         *              0             0             1 
   134 x133         *              0             0             1 
   135 x134         *              0             0             1 
   136 x135         *              0             0             1 
   137 x136         *              0             0             1 
   138 x137         *              0             0             1 
   139 x138         *              0             0             1 
   140 x139         *              0             0             1 
   141 x140         *              0             0             1 
   142 x141         *              0             0             1 
   143 x142         *              0             0             1 
   144 x143         *              0             0             1 
   145 x144         *              0             0             1 
   146 x145         *              0             0             1 
   147 x146         *              0             0             1 
   148 x147         *              0             0             1 
   149 x148         *              0             0             1 
   150 x149         *              0             0             1 
   151 x150         *              0             0             1 
   152 x151         *              0             0             1 
   153 x152         *              0             0             1 
   154 x153         *              0             0             1 
   155 x154         *              0             0             1 
   156 x155         *              0             0             1 
   157 x156         *              0             0             1 
   158 x157         *              0             0             1 
   159 x158         *              0             0             1 
   160 x159         *              0             0             1 
   161 x160         *              0             0             1 
   162 x161         *              0             0             1 
   163 x162         *              0             0             1 
   164 x163         *              0             0             1 
   165 x164         *              0             0             1 
   166 x165         *              0             0             1 
   167 x166         *              0             0             1 
   168 x167         *              0             0             1 
   169 x168         *              0             0             1 
   170 x169         *              0             0             1 
   171 x170         *              0             0             1 
   172 x171         *              0             0             1 
   173 x172         *              0             0             1 
   174 x173         *              0             0             1 
   175 x174         *              0             0             1 
   176 x175         *              1             0             1 
   177 x176         *              0             0             1 
   178 x177         *              0             0             1 
   179 x178         *              0             0             1 
   180 x179         *              0             0             1 
   181 x180         *              0             0             1 
   182 x181         *              0             0             1 
   183 x182         *              0             0             1 
   184 x183         *              0             0             1 
   185 x184         *              0             0             1 
   186 x185         *              0             0             1 
   187 x186         *              0             0             1 
   188 x187         *              0             0             1 
   189 x188         *              0             0             1 
   190 x189         *              0             0             1 
   191 x190         *              0             0             1 
   192 x191         *              0             0             1 
   193 x192         *              0             0             1 
   194 x193         *              0             0             1 
   195 x194         *              0             0             1 
   196 x195         *              0             0             1 
   197 x196         *              0             0             1 
   198 x197         *              0             0             1 
   199 x198         *              0             0             1 
   200 x199         *              0             0             1 
   201 x200         *              0             0             1 
   202 x201         *              0             0             1 
   203 x202         *              0             0             1 
   204 x203         *              0             0             1 
   205 x204         *              0             0             1 
   206 x205         *              0             0             1 
   207 x206         *              0             0             1 
   208 x207         *              0             0             1 
   209 x208         *              0             0             1 
   210 x209         *              0             0             1 
   211 x210         *              0             0             1 
   212 x211         *              0             0             1 
   213 x212         *              0             0             1 
   214 x213         *              0             0             1 
   215 x214         *              0             0             1 
   216 x215         *              0             0             1 
   217 x216         *              0             0             1 
   218 x217         *              0             0             1 
   219 x218         *              0             0             1 
   220 x219         *              0             0             1 
   221 x220         *              0             0             1 
   222 x221         *              0             0             1 
   223 x222         *              0             0             1 
   224 x223         *              1             0             1 
   225 x224         *              0             0             1 
   226 x225         *              0             0             1 
   227 x226         *              0             0             1 
   228 x227         *              0             0             1 
   229 x228         *              0             0             1 
   230 x229         *              1             0             1 
   231 x230         *              0             0             1 
   232 x231         *              0             0             1 
   233 x232         *              1             0             1 
   234 x233         *              0             0             1 
   235 x234         *              0             0             1 
   236 x235         *              0             0             1 
   237 x236         *              0             0             1 
   238 x237         *              0             0             1 
   239 x238         *              0             0             1 
   240 x239         *              0             0             1 
   241 x240         *              0             0             1 
   242 x241         *              0             0             1 
   243 x242         *              0             0             1 
   244 x243         *              0             0             1 
   245 x244         *              0             0             1 
   246 x245         *              0             0             1 
   247 x246         *              0             0             1 
   248 x247         *              0             0             1 
   249 x248         *              0             0             1 
   250 x249         *              0             0             1 
   251 x250         *              0             0             1 
   252 x251         *              0             0             1 
   253 x252         *              0             0             1 
   254 x253         *              0             0             1 
   255 x254         *              0             0             1 
   256 x255         *              0             0             1 
   257 x256         *              0             0             1 
   258 x257         *              0             0             1 
   259 x258         *              0             0             1 
   260 x259         *              0             0             1 
   261 x260         *              0             0             1 
   262 x261         *              0             0             1 
   263 x262         *              0             0             1 
   264 x263         *              0             0             1 
   265 x264         *              0             0             1 
   266 x265         *              0             0             1 
   267 x266         *              0             0             1 
   268 x267         *              0             0             1 
   269 x268         *              0             0             1 
   270 x269         *              0             0             1 
   271 x270         *              0             0             1 
   272 x271         *              0             0             1 
   273 x272         *              0             0             1 
   274 x273         *              0             0             1 
   275 x274         *              0             0             1 
   276 x275         *              0             0             1 
   277 x276         *              0             0             1 
   278 x277         *              0             0             1 
   279 x278         *              0             0             1 
   280 x279         *              0             0             1 
   281 x280         *              0             0             1 
   282 x281         *              0             0             1 
   283 x282         *              0             0             1 
   284 x283         *              0             0             1 
   285 x284         *              0             0             1 
   286 x285         *              0             0             1 
   287 x286         *              0             0             1 
   288 x287         *              0             0             1 
   289 x288         *              0             0             1 
   290 x289         *              0             0             1 
   291 x290         *              0             0             1 
   292 x291         *              0             0             1 
   293 x292         *              0             0             1 
   294 x293         *              0             0             1 
   295 x294         *              0             0             1 
   296 x295         *              0             0             1 
   297 x296         *              0             0             1 
   298 x297         *              0             0             1 
   299 x298         *              0             0             1 
   300 x299         *              0             0             1 

Integer feasibility conditions:

KKT.PE: max.abs.err = 0.00e+00 on row 0
        max.rel.err = 0.00e+00 on row 0
        High quality

KKT.PB: max.abs.err = 0.00e+00 on row 0
        max.rel.err = 0.00e+00 on row 0
        High quality

End of output
