Problem:    
Rows:       299
Columns:    300 (300 integer, 300 binary)
Non-zeros:  22533
Status:     INTEGER OPTIMAL
Objective:  z = 111 (MAXimum)

   No.   Row name        Activity     Lower bound   Upper bound
------ ------------    ------------- ------------- -------------
     1 c1                          2                         128 
     2 c2                          4                         146 
     3 c3                          3                         142 
     4 c4                          3                         130 
     5 c5                          3                         169 
     6 c6                          4                         167 
     7 c7                          2                         135 
     8 c8                          2                         156 
     9 c9                          4                         157 
    10 c10                         3                         156 
    11 c11                         3                         133 
    12 c12                         3                         141 
    13 c13                         4                         107 
    14 c14                         3                         169 
    15 c15                         2                         170 
    16 c16                         2                         107 
    17 c17                         4                         130 
    18 c18                         3                         129 
    19 c19                         3                         123 
    20 c20                         2                         141 
    21 c21                         2                          70 
    22 c22                         4                         116 
    23 c23                         4                         154 
    24 c24                         3                         145 
    25 c25                       101                         101 
    26 c26                         1                         101 
    27 c27                         3                         172 
    28 c28                         3                         172 
    29 c29                         2                         103 
    30 c30                         3                         133 
    31 c31                         3                         133 
    32 c32                         2                         117 
    33 c33                         4                         171 
    34 c34                         2                         129 
    35 c35                         2                         105 
    36 c36                         3                         144 
    37 c37                         3                         160 
    38 c38                         2                         145 
    39 c39                         3                         150 
    40 c40                         2                         128 
    41 c41                         2                         106 
    42 c42                         2                         114 
    43 c43                         4                         132 
    44 c44                         3                         132 
    45 c45                         3                         130 
    46 c46                         1                         110 
    47 c47                         3                         149 
    48 c48                         3                         123 
    49 c49                         3                         103 
    50 c50                         2                         109 
    51 c51                         4                         140 
    52 c52                         2                         110 
    53 c53                         2                         132 
    54 c54                         1                          92 
    55 c55                         2                         111 
    56 c56                         4                         132 
    57 c57                         3                         170 
    58 c58                         3                         129 
    59 c59                         2                         104 
    60 c60                         2                         122 
    61 c61                         2                         103 
    62 c62                         3                         165 
    63 c63                         4                         118 
    64 c64                         2                         114 
    65 c65                         3                         123 
    66 c66                         3                         138 
    67 c67                         2                         108 
    68 c68                         2                         111 
    69 c69                         2                         129 
    70 c70                         2                         103 
    71 c71                         3                         125 
    72 c72                         3                         123 
    73 c73                         2                         120 
    74 c74                         3                         111 
    75 c75                         2                          85 
    76 c76                         2                          97 
    77 c77                         2                          93 
    78 c78                         3                         134 
    79 c79                         1                          95 
    80 c80                         3                         119 
    81 c81                         2                          75 
    82 c82                         3                         116 
    83 c83                         3                          99 
    84 c84                         2                          97 
    85 c85                         3                         100 
    86 c86                         4                         143 
    87 c87                         3                         143 
    88 c88                         3                          97 
    89 c89                         3                          92 
    90 c90                        93                          93 
    91 c91                         2                          79 
    92 c92                         3                         106 
    93 c93                         2                          95 
    94 c94                         2                          62 
    95 c95                         3                         123 
    96 c96                         4                          98 
    97 c97                         1                         103 
    98 c98                         1                          80 
    99 c99                         2                         122 
   100 c100                        1                          68 
   101 c101                       86                          86 
   102 c102                        2                         122 
   103 c103                        2                         119 
   104 c104                        2                         106 
   105 c105                        2                          83 
   106 c106                        2                         107 
   107 c107                       99                          99 
   108 c108                        1                          98 
   109 c109                       67                          67 
   110 c110                        1                          66 
   111 c111                        0                          99 
   112 c112                        1                          99 
   113 c113                        1                         100 
   114 c114                        2                          84 
   115 c115                        0                          76 
   116 c116                        1                         126 
   117 c117                        0                          98 
   118 c118                        0                          92 
   119 c119                        2                          88 
   120 c120                        0                          74 
   121 c121                        0                         120 
   122 c122                        0                          93 
   123 c123                        1                          70 
   124 c124                        2                         102 
   125 c125                        1                          99 
   126 c126                        1                          94 
   127 c127                        2                          85 
   128 c128                        1                          83 
   129 c129                        0                         100 
   130 c130                        0                          56 
   131 c131                        0                          62 
   132 c132                        0                         110 
   133 c133                        1                          96 
   134 c134                        0                          64 
   135 c135                        0                          93 
   136 c136                        2                          84 
   137 c137                        1                          72 
   138 c138                        2                          87 
   139 c139                        0                          60 
   140 c140                        1                          91 
   141 c141                        0                          60 
   142 c142                        0                          88 
   143 c143                        0                          73 
   144 c144                        0                          76 
   145 c145                        1                          81 
   146 c146                        1                          86 
   147 c147                        0                          60 
   148 c148                        0                          75 
   149 c149                        1                          84 
   150 c150                        1                          65 
   151 c151                        0                          83 
   152 c152                        0                          74 
   153 c153                        1                          80 
   154 c154                        1                          87 
   155 c155                        1                          80 
   156 c156                        1                          95 
   157 c157                        2                          66 
   158 c158                        1                          87 
   159 c159                        1                          78 
   160 c160                        1                          61 
   161 c161                        1                          87 
   162 c162                        0                          65 
   163 c163                        1                          78 
   164 c164                        0                          60 
   165 c165                        0                          47 
   166 c166                        1                          77 
   167 c167                        2                          72 
   168 c168                        0                          71 
   169 c169                        0                          64 
   170 c170                        2                          72 
   171 c171                        1                          63 
   172 c172                        1                          72 
   173 c173                        0                          61 
   174 c174                        1                          67 
   175 c175                        0                          68 
   176 c176                        0                          50 
   177 c177                        0                          65 
   178 c178                        1                          63 
   179 c179                        0                          60 
   180 c180                       38                          38 
   181 c181                        0                          62 
   182 c182                        0                          63 
   183 c183                        0                          56 
   184 c184                        0                          53 
   185 c185                        0                          38 
   186 c186                        0                          55 
   187 c187                        1                          69 
   188 c188                        1                          63 
   189 c189                        0                          64 
   190 c190                        0                          51 
   191 c191                        1                          49 
   192 c192                        1                          46 
   193 c193                        0                          58 
   194 c194                        0                          65 
   195 c195                        0                          53 
   196 c196                        1                          62 
   197 c197                        0                          34 
   198 c198                        0                          45 
   199 c199                        1                          50 
   200 c200                        0                          48 
   201 c201                        0                          55 
   202 c202                        0                          42 
   203 c203                        1                          45 
   204 c204                        0                          43 
   205 c205                        0                          35 
   206 c206                        0                          45 
   207 c207                        1                          62 
   208 c208                        0                          41 
   209 c209                        0                          39 
   210 c210                        1                          62 
   211 c211                        1                          55 
   212 c212                        0                          37 
   213 c213                        1                          41 
   214 c214                        1                          49 
   215 c215                        1                          42 
   216 c216                        0                          27 
   217 c217                        1                          40 
   218 c218                        0                          33 
   219 c219                        0                          40 
   220 c220                        0                          30 
   221 c221                        1                          40 
   222 c222                        0                          39 
   223 c223                       29                          29 
   224 c224                        0                          40 
   225 c225                        0                          40 
   226 c226                        0                          29 
   227 c227                        0                          39 
   228 c228                        0                          43 
   229 c229                        0                          27 
   230 c230                        0                          39 
   231 c231                        0                          36 
   232 c232                        0                          39 
   233 c233                        0                          36 
   234 c234                        0                          33 
   235 c235                        0                          47 
   236 c236                        0                          38 
   237 c237                        0                          29 
   238 c238                        0                          29 
   239 c239                        0                          20 
   240 c240                        0                          29 
   241 c241                        0                          31 
   242 c242                        0                          34 
   243 c243                        0                          31 
   244 c244                        0                          34 
   245 c245                        0                          28 
   246 c246                        0                          31 
   247 c247                        0                          26 
   248 c248                        0                          31 
   249 c249                        0                          27 
   250 c250                        0                          14 
   251 c251                        0                          16 
   252 c252                        0                          22 
   253 c253                        0                          23 
   254 c254                        0                          22 
   255 c255                        0                          20 
   256 c256                        0                          22 
   257 c257                        0                          32 
   258 c258                        0                          23 
   259 c259                        0                          18 
   260 c260                        0                          15 
   261 c261                        0                          23 
   262 c262                        0                          22 
   263 c263                        0                          18 
   264 c264                        0                          26 
   265 c265                        0                          20 
   266 c266                        0                          23 
   267 c267                        0                          18 
   268 c268                        0                          15 
   269 c269                        0                          19 
   270 c270                        0                          12 
   271 c271                        0                          17 
   272 c272                        0                          10 
   273 c273                        0                          16 
   274 c274                        0                          11 
   275 c275                        0                          12 
   276 c276                        0                          13 
   277 c277                        0                          11 
   278 c278                        0                           9 
   279 c279                        0                           8 
   280 c280                        0                          10 
   281 c281                        0                           9 
   282 c282                        0                           7 
   283 c283                        0                           9 
   284 c284                        0                           6 
   285 c285                        0                           9 
   286 c286                        0                           5 
   287 c287                        0                           7 
   288 c288                        0                           5 
   289 c289                        0                           4 
   290 c290                        0                           2 
   291 c291                        0                           4 
   292 c292                        0                           3 
   293 c293                        0                           3 
   294 c294                        0                           2 
   295 c295                        0                           3 
   296 c296                        0                           2 
   297 c297                        0                           2 
   298 c298                        0                           1 
   299 c299                        0                           1 

   No. Column name       Activity     Lower bound   Upper bound
------ ------------    ------------- ------------- -------------
     1 x0           *              0             0             1 
     2 x1           *              0             0             1 
     3 x2           *              0             0             1 
     4 x3           *              0             0             1 
     5 x4           *              0             0             1 
     6 x5           *              0             0             1 
     7 x6           *              0             0             1 
     8 x7           *              0             0             1 
     9 x8           *              0             0             1 
    10 x9           *              0             0             1 
    11 x10          *              0             0             1 
    12 x11          *              0             0             1 
    13 x12          *              0             0             1 
    14 x13          *              0             0             1 
    15 x14          *              0             0             1 
    16 x15          *              0             0             1 
    17 x16          *              0             0             1 
    18 x17          *              0             0             1 
    19 x18          *              0             0             1 
    20 x19          *              0             0             1 
    21 x20          *              0             0             1 
    22 x21          *              0             0             1 
    23 x22          *              0             0             1 
    24 x23          *              0             0             1 
    25 x24          *              1             0             1 
    26 x25          *              0             0             1 
    27 x26          *              0             0             1 
    28 x27          *              0             0             1 
    29 x28          *              0             0             1 
    30 x29          *              0             0             1 
    31 x30          *              0             0             1 
    32 x31          *              0             0             1 
    33 x32          *              0             0             1 
    34 x33          *              0             0             1 
    35 x34          *              0             0             1 
    36 x35          *              0             0             1 
    37 x36          *              0             0             1 
    38 x37          *              0             0             1 
    39 x38          *              0             0             1 
    40 x39          *              0             0             1 
    41 x40          *              0             0             1 
    42 x41          *              0             0             1 
    43 x42          *              0             0             1 
    44 x43          *              0             0             1 
    45 x44          *              0             0             1 
    46 x45          *              0             0             1 
    47 x46          *              0             0             1 
    48 x47          *              0             0             1 
    49 x48          *              0             0             1 
    50 x49          *              0             0             1 
    51 x50          *              0             0             1 
    52 x51          *              0             0             1 
    53 x52          *              0             0             1 
    54 x53          *              0             0             1 
    55 x54          *              0             0             1 
    56 x55          *              0             0             1 
    57 x56          *              0             0             1 
    58 x57          *              0             0             1 
    59 x58          *              0             0             1 
    60 x59          *              0             0             1 
    61 x60          *              0             0             1 
    62 x61          *              0             0             1 
    63 x62          *              0             0             1 
    64 x63          *              0             0             1 
    65 x64          *              0             0             1 
    66 x65          *              0             0             1 
    67 x66          *              0             0             1 
    68 x67          *              0             0             1 
    69 x68          *              0             0             1 
    70 x69          *              0             0             1 
    71 x70          *              0             0             1 
    72 x71          *              0             0             1 
    73 x72          *              0             0             1 
    74 x73          *              0             0             1 
    75 x74          *              0             0             1 
    76 x75          *              0             0             1 
    77 x76          *              0             0             1 
    78 x77          *              0             0             1 
    79 x78          *              0             0             1 
    80 x79          *              0             0             1 
    81 x80          *              0             0             1 
    82 x81          *              0             0             1 
    83 x82          *              0             0             1 
    84 x83          *              0             0             1 
    85 x84          *              0             0             1 
    86 x85          *              0             0             1 
    87 x86          *              0             0             1 
    88 x87          *              0             0             1 
    89 x88          *              0             0             1 
    90 x89          *              1             0             1 
    91 x90          *              0             0             1 
    92 x91          *              0             0             1 
    93 x92          *              0             0             1 
    94 x93          *              0             0             1 
    95 x94          *              0             0             1 
    96 x95          *              0             0             1 
    97 x96          *              0             0             1 
    98 x97          *              0             0             1 
    99 x98          *              0             0             1 
   100 x99          *              0             0             1 
   101 x100         *              1             0             1 
   102 x101         *              0             0             1 
   103 x102         *              0             0             1 
   104 x103         *              0             0             1 
   105 x104         *              0             0             1 
   106 x105         *              0             0             1 
   107 x106         *              1             0             1 
   108 x107         *              0             0             1 
   109 x108         *              1             0             1 
   110 x109         *              0             0             1 
   111 x110         *              0             0             1 
   112 x111         *              0             0             1 
   113 x112         *              0             0             1 
   114 x113         *              0             0             1 
   115 x114         *              0             0             1 
   116 x115         *              0             0             1 
   117 x116         *              0             0             1 
   118 x117         *              0             0             1 
   119 x118         *              0             0             1 
   120 x119         *              0             0             1 
   121 x120         *              0             0             1 
   122 x121         *              0             0             1 
   123 x122         *              0             0             1 
   124 x123         *              0             0             1 
   125 x124         *              0             0             1 
   126 x125         *              0             0             1 
   127 x126         *              0             0             1 
   128 x127         *              0             0             1 
   129 x128         *              0             0             1 
   130 x129         *              0             0             1 
   131 x130         *              0             0             1 
   132 x131         *              0             0             1 
   133 x132         *              0             0             1 
   134 x133         *              0             0             1 
   135 x134         *              0             0             1 
   136 x135         *              0             0             1 
   137 x136         *              0             0             1 
   138 x137         *              0             0             1 
   139 x138         *              0             0             1 
   140 x139         *              0             0             1 
   141 x140         *              0             0             1 
   142 x141         *              0             0             1 
   143 x142         *              0             0             1 
   144 x143         *              0             0             1 
   145 x144         *              0             0             1 
   146 x145         *              0             0             1 
   147 x146         *              0             0             1 
   148 x147         *              0             0             1 
   149 x148         *              0             0             1 
   150 x149         *              0             0             1 
   151 x150         *              0             0             1 
   152 x151         *              0             0             1 
   153 x152         *              0             0             1 
   154 x153         *              0             0             1 
   155 x154         *              0             0             1 
   156 x155         *              0             0             1 
   157 x156         *              0             0             1 
   158 x157         *              0             0             1 
   159 x158         *              0             0             1 
   160 x159         *              0             0             1 
   161 x160         *              0             0             1 
   162 x161         *              0             0             1 
   163 x162         *              0             0             1 
   164 x163         *              0             0             1 
   165 x164         *              0             0             1 
   166 x165         *              0             0             1 
   167 x166         *              0             0             1 
   168 x167         *              0             0             1 
   169 x168         *              0             0             1 
   170 x169         *              0             0             1 
   171 x170         *              0             0             1 
   172 x171         *              0             0             1 
   173 x172         *              0             0             1 
   174 x173         *              0             0             1 
   175 x174         *              0             0             1 
   176 x175         *              0             0             1 
   177 x176         *              0             0             1 
   178 x177         *              0             0             1 
   179 x178         *              0             0             1 
   180 x179         *              1             0             1 
   181 x180         *              0             0             1 
   182 x181         *              0             0             1 
   183 x182         *              0             0             1 
   184 x183         *              0             0             1 
   185 x184         *              0             0             1 
   186 x185         *              0             0             1 
   187 x186         *              0             0             1 
   188 x187         *              0             0             1 
   189 x188         *              0             0             1 
   190 x189         *              0             0             1 
   191 x190         *              0             0             1 
   192 x191         *              0             0             1 
   193 x192         *              0             0             1 
   194 x193         *              0             0             1 
   195 x194         *              0             0             1 
   196 x195         *              0             0             1 
   197 x196         *              0             0             1 
   198 x197         *              0             0             1 
   199 x198         *              0             0             1 
   200 x199         *              0             0             1 
   201 x200         *              0             0             1 
   202 x201         *              0             0             1 
   203 x202         *              0             0             1 
   204 x203         *              0             0             1 
   205 x204         *              0             0             1 
   206 x205         *              0             0             1 
   207 x206         *              0             0             1 
   208 x207         *              0             0             1 
   209 x208         *              0             0             1 
   210 x209         *              0             0             1 
   211 x210         *              0             0             1 
   212 x211         *              0             0             1 
   213 x212         *              0             0             1 
   214 x213         *              0             0             1 
   215 x214         *              0             0             1 
   216 x215         *              0             0             1 
   217 x216         *              0             0             1 
   218 x217         *              0             0             1 
   219 x218         *              0             0             1 
   220 x219         *              0             0             1 
   221 x220         *              0             0             1 
   222 x221         *              0             0             1 
   223 x222         *              1             0             1 
   224 x223         *              0             0             1 
   225 x224         *              0             0             1 
   226 x225         *              0             0             1 
   227 x226         *              0             0             1 
   228 x227         *              0             0             1 
   229 x228         *              0             0             1 
   230 x229         *              0             0             1 
   231 x230         *              0             0             1 
   232 x231         *              0             0             1 
   233 x232         *              0             0             1 
   234 x233         *              0             0             1 
   235 x234         *              0             0             1 
   236 x235         *              0             0             1 
   237 x236         *              0             0             1 
   238 x237         *              0             0             1 
   239 x238         *              0             0             1 
   240 x239         *              0             0             1 
   241 x240         *              0             0             1 
   242 x241         *              0             0             1 
   243 x242         *              0             0             1 
   244 x243         *              0             0             1 
   245 x244         *              0             0             1 
   246 x245         *              0             0             1 
   247 x246         *              0             0             1 
   248 x247         *              0             0             1 
   249 x248         *              0             0             1 
   250 x249         *              0             0             1 
   251 x250         *              0             0             1 
   252 x251         *              0             0             1 
   253 x252         *              0             0             1 
   254 x253         *              0             0             1 
   255 x254         *              0             0             1 
   256 x255         *              0             0             1 
   257 x256         *              0             0             1 
   258 x257         *              0             0             1 
   259 x258         *              0             0             1 
   260 x259         *              0             0             1 
   261 x260         *              0             0             1 
   262 x261         *              0             0             1 
   263 x262         *              0             0             1 
   264 x263         *              0             0             1 
   265 x264         *              0             0             1 
   266 x265         *              0             0             1 
   267 x266         *              0             0             1 
   268 x267         *              0             0             1 
   269 x268         *              0             0             1 
   270 x269         *              0             0             1 
   271 x270         *              0             0             1 
   272 x271         *              0             0             1 
   273 x272         *              0             0             1 
   274 x273         *              0             0             1 
   275 x274         *              0             0             1 
   276 x275         *              0             0             1 
   277 x276         *              0             0             1 
   278 x277         *              0             0             1 
   279 x278         *              0             0             1 
   280 x279         *              0             0             1 
   281 x280         *              0             0             1 
   282 x281         *              0             0             1 
   283 x282         *              0             0             1 
   284 x283         *              0             0             1 
   285 x284         *              0             0             1 
   286 x285         *              0             0             1 
   287 x286         *              0             0             1 
   288 x287         *              0             0             1 
   289 x288         *              0             0             1 
   290 x289         *              0             0             1 
   291 x290         *              0             0             1 
   292 x291         *              0             0             1 
   293 x292         *              0             0             1 
   294 x293         *              0             0             1 
   295 x294         *              0             0             1 
   296 x295         *              0             0             1 
   297 x296         *              0             0             1 
   298 x297         *              0             0             1 
   299 x298         *              0             0             1 
   300 x299         *              0             0             1 

Integer feasibility conditions:

KKT.PE: max.abs.err = 0.00e+00 on row 0
        max.rel.err = 0.00e+00 on row 0
        High quality

KKT.PB: max.abs.err = 0.00e+00 on row 0
        max.rel.err = 0.00e+00 on row 0
        High quality

End of output
