Problem:    
Rows:       297
Columns:    300 (300 integer, 300 binary)
Non-zeros:  28720
Status:     INTEGER OPTIMAL
Objective:  z = 77 (MAXimum)

   No.   Row name        Activity     Lower bound   Upper bound
------ ------------    ------------- ------------- -------------
     1 c1                          4                         173 
     2 c2                          3                         176 
     3 c3                          3                         194 
     4 c4                          4                         188 
     5 c5                          3                         173 
     6 c6                          3                         183 
     7 c7                          3                         192 
     8 c8                          4                         201 
     9 c9                          3                         201 
    10 c10                         2                         157 
    11 c11                         3                         180 
    12 c12                         2                         156 
    13 c13                         2                         190 
    14 c14                         4                         220 
    15 c15                         3                         184 
    16 c16                         4                         170 
    17 c17                         3                         204 
    18 c18                         3                         172 
    19 c19                         3                         168 
    20 c20                         4                         185 
    21 c21                         3                         202 
    22 c22                         4                         172 
    23 c23                         4                         173 
    24 c24                         4                         160 
    25 c25                         2                         127 
    26 c26                         3                         172 
    27 c27                         2                         170 
    28 c28                         3                         159 
    29 c29                         2                         168 
    30 c30                         3                         160 
    31 c31                         3                         169 
    32 c32                         4                         171 
    33 c33                         3                         173 
    34 c34                         2                         148 
    35 c35                         2                         157 
    36 c36                         2                         163 
    37 c37                         4                         186 
    38 c38                         2                         137 
    39 c39                         3                         178 
    40 c40                         4                         184 
    41 c41                         4                         173 
    42 c42                         2                         160 
    43 c43                         3                         163 
    44 c44                         3                         177 
    45 c45                         4                         187 
    46 c46                         2                         161 
    47 c47                         3                         142 
    48 c48                         3                         169 
    49 c49                         3                         159 
    50 c50                         3                         180 
    51 c51                         3                         178 
    52 c52                         3                         167 
    53 c53                         3                         136 
    54 c54                         3                         155 
    55 c55                         3                         176 
    56 c56                         3                         173 
    57 c57                         4                         161 
    58 c58                         2                         152 
    59 c59                         3                         175 
    60 c60                         3                         167 
    61 c61                         2                         163 
    62 c62                         4                         169 
    63 c63                         2                         150 
    64 c64                         3                         155 
    65 c65                         3                         153 
    66 c66                         3                         177 
    67 c67                         3                         157 
    68 c68                         4                         151 
    69 c69                         3                         138 
    70 c70                         3                         141 
    71 c71                         2                         146 
    72 c72                         4                         162 
    73 c73                         2                         152 
    74 c74                         3                         143 
    75 c75                         3                         142 
    76 c76                         2                         160 
    77 c77                         2                         163 
    78 c78                         3                         132 
    79 c79                         3                         161 
    80 c80                         4                         146 
    81 c81                         2                         134 
    82 c82                         3                         151 
    83 c83                         3                         114 
    84 c84                         3                         126 
    85 c85                         4                         146 
    86 c86                         2                         133 
    87 c87                         4                         145 
    88 c88                         3                         139 
    89 c89                         4                         137 
    90 c90                         4                         121 
    91 c91                         3                         138 
    92 c92                         3                         136 
    93 c93                         3                         143 
    94 c94                         2                         132 
    95 c95                         3                         124 
    96 c96                         2                         134 
    97 c97                       133                         133 
    98 c98                         2                         135 
    99 c99                         3                         131 
   100 c100                        3                         132 
   101 c101                        2                         133 
   102 c102                        2                         114 
   103 c103                        2                         131 
   104 c104                        2                         136 
   105 c105                        2                         125 
   106 c106                        2                         114 
   107 c107                        2                         114 
   108 c108                        3                         138 
   109 c109                        2                         119 
   110 c110                        1                         111 
   111 c111                        3                         122 
   112 c112                        3                         109 
   113 c113                        3                         128 
   114 c114                        2                          91 
   115 c115                        1                         123 
   116 c116                        2                         120 
   117 c117                        1                         120 
   118 c118                        2                         109 
   119 c119                        3                          94 
   120 c120                        2                         107 
   121 c121                        2                         100 
   122 c122                        3                          85 
   123 c123                        3                         115 
   124 c124                        2                         118 
   125 c125                        1                         105 
   126 c126                        3                         128 
   127 c127                        1                         110 
   128 c128                        2                         101 
   129 c129                        3                          95 
   130 c130                        2                         101 
   131 c131                        3                         114 
   132 c132                        3                         106 
   133 c133                        2                          87 
   134 c134                        1                          96 
   135 c135                        1                          90 
   136 c136                        1                          85 
   137 c137                        2                          97 
   138 c138                        2                          93 
   139 c139                        3                          87 
   140 c140                        2                         101 
   141 c141                       81                          81 
   142 c142                        2                          87 
   143 c143                       95                          95 
   144 c144                        1                         108 
   145 c145                        1                          92 
   146 c146                        1                         108 
   147 c147                        1                          89 
   148 c148                        1                         108 
   149 c149                        1                         107 
   150 c150                        1                          80 
   151 c151                        1                         101 
   152 c152                        1                          74 
   153 c153                        1                          99 
   154 c154                        1                          92 
   155 c155                        1                          79 
   156 c156                        2                          84 
   157 c157                        1                          90 
   158 c158                        1                          90 
   159 c159                        1                          85 
   160 c160                        1                          95 
   161 c161                        0                          92 
   162 c162                        1                          98 
   163 c163                        2                          82 
   164 c164                        1                          81 
   165 c165                        2                          68 
   166 c166                        1                          96 
   167 c167                        1                          73 
   168 c168                        1                          79 
   169 c169                        0                          83 
   170 c170                        2                          76 
   171 c171                        1                          82 
   172 c172                        1                          81 
   173 c173                        2                          61 
   174 c174                        0                          76 
   175 c175                        1                          86 
   176 c176                        0                          95 
   177 c177                        0                          85 
   178 c178                        1                          70 
   179 c179                        2                          55 
   180 c180                        1                          76 
   181 c181                        1                          78 
   182 c182                        2                          73 
   183 c183                        1                          86 
   184 c184                        2                          79 
   185 c185                        0                          76 
   186 c186                        1                          59 
   187 c187                        0                          79 
   188 c188                        1                          72 
   189 c189                        1                          83 
   190 c190                        1                          81 
   191 c191                        1                          69 
   192 c192                        1                          72 
   193 c193                        1                          71 
   194 c194                        1                          73 
   195 c195                        0                          63 
   196 c196                        2                          70 
   197 c197                        1                          77 
   198 c198                        1                          56 
   199 c199                        2                          62 
   200 c200                        1                          63 
   201 c201                        2                          66 
   202 c202                        1                          66 
   203 c203                        0                          64 
   204 c204                        1                          63 
   205 c205                        1                          58 
   206 c206                        1                          68 
   207 c207                        1                          58 
   208 c208                        2                          63 
   209 c209                        2                          68 
   210 c210                        1                          62 
   211 c211                        1                          47 
   212 c212                        1                          56 
   213 c213                        1                          52 
   214 c214                        1                          60 
   215 c215                        1                          57 
   216 c216                        1                          59 
   217 c217                        1                          58 
   218 c218                        1                          50 
   219 c219                        2                          39 
   220 c220                        1                          53 
   221 c221                        1                          47 
   222 c222                        1                          60 
   223 c223                        1                          43 
   224 c224                        1                          47 
   225 c225                        1                          42 
   226 c226                        2                          46 
   227 c227                        2                          38 
   228 c228                        2                          46 
   229 c229                        1                          44 
   230 c230                       35                          35 
   231 c231                        1                          44 
   232 c232                        1                          33 
   233 c233                        0                          41 
   234 c234                        0                          40 
   235 c235                        0                          43 
   236 c236                        1                          42 
   237 c237                        1                          47 
   238 c238                        1                          42 
   239 c239                        0                          41 
   240 c240                        1                          33 
   241 c241                        1                          33 
   242 c242                        1                          36 
   243 c243                        0                          33 
   244 c244                        1                          28 
   245 c245                        0                          31 
   246 c246                        0                          27 
   247 c247                        1                          37 
   248 c248                        1                          30 
   249 c249                        0                          25 
   250 c250                        1                          37 
   251 c251                        0                          32 
   252 c252                        0                          35 
   253 c253                        1                          27 
   254 c254                        0                          28 
   255 c255                        1                          28 
   256 c256                        0                          22 
   257 c257                        0                          28 
   258 c258                        1                          26 
   259 c259                        1                          24 
   260 c260                        1                          28 
   261 c261                        1                          20 
   262 c262                        1                          33 
   263 c263                        1                          27 
   264 c264                        1                          29 
   265 c265                        1                          21 
   266 c266                        1                          20 
   267 c267                        1                          24 
   268 c268                        1                          20 
   269 c269                        0                          12 
   270 c270                        0                          21 
   271 c271                        0                          19 
   272 c272                        1                          18 
   273 c273                        0                          18 
   274 c274                        1                          12 
   275 c275                        0                          15 
   276 c276                        0                          11 
   277 c277                        1                          17 
   278 c278                        1                          14 
   279 c279                        1                          13 
   280 c280                        1                          14 
   281 c281                        1                          12 
   282 c282                        1                          14 
   283 c283                        0                           9 
   284 c284                        1                          13 
   285 c285                        1                          12 
   286 c286                        1                          10 
   287 c287                        1                           9 
   288 c288                        6                           6 
   289 c289                        0                           8 
   290 c290                        0                           8 
   291 c291                        0                           6 
   292 c292                        0                           5 
   293 c293                        0                           3 
   294 c294                        0                           4 
   295 c295                        0                           3 
   296 c296                        0                           1 
   297 c297                        0                           1 

   No. Column name       Activity     Lower bound   Upper bound
------ ------------    ------------- ------------- -------------
     1 x0           *              0             0             1 
     2 x1           *              0             0             1 
     3 x2           *              0             0             1 
     4 x3           *              0             0             1 
     5 x4           *              0             0             1 
     6 x5           *              0             0             1 
     7 x6           *              0             0             1 
     8 x7           *              0             0             1 
     9 x8           *              0             0             1 
    10 x9           *              0             0             1 
    11 x10          *              0             0             1 
    12 x11          *              0             0             1 
    13 x12          *              0             0             1 
    14 x13          *              0             0             1 
    15 x14          *              0             0             1 
    16 x15          *              0             0             1 
    17 x16          *              0             0             1 
    18 x17          *              0             0             1 
    19 x18          *              0             0             1 
    20 x19          *              0             0             1 
    21 x20          *              0             0             1 
    22 x21          *              0             0             1 
    23 x22          *              0             0             1 
    24 x23          *              0             0             1 
    25 x24          *              0             0             1 
    26 x25          *              0             0             1 
    27 x26          *              0             0             1 
    28 x27          *              0             0             1 
    29 x28          *              0             0             1 
    30 x29          *              0             0             1 
    31 x30          *              0             0             1 
    32 x31          *              0             0             1 
    33 x32          *              0             0             1 
    34 x33          *              0             0             1 
    35 x34          *              0             0             1 
    36 x35          *              0             0             1 
    37 x36          *              0             0             1 
    38 x37          *              0             0             1 
    39 x38          *              0             0             1 
    40 x39          *              0             0             1 
    41 x40          *              0             0             1 
    42 x41          *              0             0             1 
    43 x42          *              0             0             1 
    44 x43          *              0             0             1 
    45 x44          *              0             0             1 
    46 x45          *              0             0             1 
    47 x46          *              0             0             1 
    48 x47          *              0             0             1 
    49 x48          *              0             0             1 
    50 x49          *              0             0             1 
    51 x50          *              0             0             1 
    52 x51          *              0             0             1 
    53 x52          *              0             0             1 
    54 x53          *              0             0             1 
    55 x54          *              0             0             1 
    56 x55          *              0             0             1 
    57 x56          *              0             0             1 
    58 x57          *              0             0             1 
    59 x58          *              0             0             1 
    60 x59          *              0             0             1 
    61 x60          *              0             0             1 
    62 x61          *              0             0             1 
    63 x62          *              0             0             1 
    64 x63          *              0             0             1 
    65 x64          *              0             0             1 
    66 x65          *              0             0             1 
    67 x66          *              0             0             1 
    68 x67          *              0             0             1 
    69 x68          *              0             0             1 
    70 x69          *              0             0             1 
    71 x70          *              0             0             1 
    72 x71          *              0             0             1 
    73 x72          *              0             0             1 
    74 x73          *              0             0             1 
    75 x74          *              0             0             1 
    76 x75          *              0             0             1 
    77 x76          *              0             0             1 
    78 x77          *              0             0             1 
    79 x78          *              0             0             1 
    80 x79          *              0             0             1 
    81 x80          *              0             0             1 
    82 x81          *              0             0             1 
    83 x82          *              0             0             1 
    84 x83          *              0             0             1 
    85 x84          *              0             0             1 
    86 x85          *              0             0             1 
    87 x86          *              0             0             1 
    88 x87          *              0             0             1 
    89 x88          *              0             0             1 
    90 x89          *              0             0             1 
    91 x90          *              0             0             1 
    92 x91          *              0             0             1 
    93 x92          *              0             0             1 
    94 x93          *              0             0             1 
    95 x94          *              0             0             1 
    96 x95          *              0             0             1 
    97 x96          *              1             0             1 
    98 x97          *              0             0             1 
    99 x98          *              0             0             1 
   100 x99          *              0             0             1 
   101 x100         *              0             0             1 
   102 x101         *              0             0             1 
   103 x102         *              0             0             1 
   104 x103         *              0             0             1 
   105 x104         *              0             0             1 
   106 x105         *              0             0             1 
   107 x106         *              0             0             1 
   108 x107         *              0             0             1 
   109 x108         *              0             0             1 
   110 x109         *              0             0             1 
   111 x110         *              0             0             1 
   112 x111         *              0             0             1 
   113 x112         *              0             0             1 
   114 x113         *              0             0             1 
   115 x114         *              0             0             1 
   116 x115         *              0             0             1 
   117 x116         *              0             0             1 
   118 x117         *              0             0             1 
   119 x118         *              0             0             1 
   120 x119         *              0             0             1 
   121 x120         *              0             0             1 
   122 x121         *              0             0             1 
   123 x122         *              0             0             1 
   124 x123         *              0             0             1 
   125 x124         *              0             0             1 
   126 x125         *              0             0             1 
   127 x126         *              0             0             1 
   128 x127         *              0             0             1 
   129 x128         *              0             0             1 
   130 x129         *              0             0             1 
   131 x130         *              0             0             1 
   132 x131         *              0             0             1 
   133 x132         *              0             0             1 
   134 x133         *              0             0             1 
   135 x134         *              0             0             1 
   136 x135         *              0             0             1 
   137 x136         *              0             0             1 
   138 x137         *              0             0             1 
   139 x138         *              0             0             1 
   140 x139         *              0             0             1 
   141 x140         *              1             0             1 
   142 x141         *              0             0             1 
   143 x142         *              1             0             1 
   144 x143         *              0             0             1 
   145 x144         *              0             0             1 
   146 x145         *              0             0             1 
   147 x146         *              0             0             1 
   148 x147         *              0             0             1 
   149 x148         *              0             0             1 
   150 x149         *              0             0             1 
   151 x150         *              0             0             1 
   152 x151         *              0             0             1 
   153 x152         *              0             0             1 
   154 x153         *              0             0             1 
   155 x154         *              0             0             1 
   156 x155         *              0             0             1 
   157 x156         *              0             0             1 
   158 x157         *              0             0             1 
   159 x158         *              0             0             1 
   160 x159         *              0             0             1 
   161 x160         *              0             0             1 
   162 x161         *              0             0             1 
   163 x162         *              0             0             1 
   164 x163         *              0             0             1 
   165 x164         *              0             0             1 
   166 x165         *              0             0             1 
   167 x166         *              0             0             1 
   168 x167         *              0             0             1 
   169 x168         *              0             0             1 
   170 x169         *              0             0             1 
   171 x170         *              0             0             1 
   172 x171         *              0             0             1 
   173 x172         *              0             0             1 
   174 x173         *              0             0             1 
   175 x174         *              0             0             1 
   176 x175         *              0             0             1 
   177 x176         *              0             0             1 
   178 x177         *              0             0             1 
   179 x178         *              0             0             1 
   180 x179         *              0             0             1 
   181 x180         *              0             0             1 
   182 x181         *              0             0             1 
   183 x182         *              0             0             1 
   184 x183         *              0             0             1 
   185 x184         *              0             0             1 
   186 x185         *              0             0             1 
   187 x186         *              0             0             1 
   188 x187         *              0             0             1 
   189 x188         *              0             0             1 
   190 x189         *              0             0             1 
   191 x190         *              0             0             1 
   192 x191         *              0             0             1 
   193 x192         *              0             0             1 
   194 x193         *              0             0             1 
   195 x194         *              0             0             1 
   196 x195         *              0             0             1 
   197 x196         *              0             0             1 
   198 x197         *              0             0             1 
   199 x198         *              0             0             1 
   200 x199         *              0             0             1 
   201 x200         *              0             0             1 
   202 x201         *              0             0             1 
   203 x202         *              0             0             1 
   204 x203         *              0             0             1 
   205 x204         *              0             0             1 
   206 x205         *              0             0             1 
   207 x206         *              0             0             1 
   208 x207         *              0             0             1 
   209 x208         *              0             0             1 
   210 x209         *              0             0             1 
   211 x210         *              0             0             1 
   212 x211         *              0             0             1 
   213 x212         *              0             0             1 
   214 x213         *              0             0             1 
   215 x214         *              0             0             1 
   216 x215         *              0             0             1 
   217 x216         *              0             0             1 
   218 x217         *              0             0             1 
   219 x218         *              0             0             1 
   220 x219         *              0             0             1 
   221 x220         *              0             0             1 
   222 x221         *              0             0             1 
   223 x222         *              0             0             1 
   224 x223         *              0             0             1 
   225 x224         *              0             0             1 
   226 x225         *              0             0             1 
   227 x226         *              0             0             1 
   228 x227         *              0             0             1 
   229 x228         *              0             0             1 
   230 x229         *              1             0             1 
   231 x230         *              0             0             1 
   232 x231         *              0             0             1 
   233 x232         *              0             0             1 
   234 x233         *              0             0             1 
   235 x234         *              0             0             1 
   236 x235         *              0             0             1 
   237 x236         *              0             0             1 
   238 x237         *              0             0             1 
   239 x238         *              0             0             1 
   240 x239         *              0             0             1 
   241 x240         *              0             0             1 
   242 x241         *              0             0             1 
   243 x242         *              0             0             1 
   244 x243         *              0             0             1 
   245 x244         *              0             0             1 
   246 x245         *              0             0             1 
   247 x246         *              0             0             1 
   248 x247         *              0             0             1 
   249 x248         *              0             0             1 
   250 x249         *              0             0             1 
   251 x250         *              0             0             1 
   252 x251         *              0             0             1 
   253 x252         *              0             0             1 
   254 x253         *              0             0             1 
   255 x254         *              0             0             1 
   256 x255         *              0             0             1 
   257 x256         *              0             0             1 
   258 x257         *              0             0             1 
   259 x258         *              0             0             1 
   260 x259         *              0             0             1 
   261 x260         *              0             0             1 
   262 x261         *              0             0             1 
   263 x262         *              0             0             1 
   264 x263         *              0             0             1 
   265 x264         *              0             0             1 
   266 x265         *              0             0             1 
   267 x266         *              0             0             1 
   268 x267         *              0             0             1 
   269 x268         *              0             0             1 
   270 x269         *              0             0             1 
   271 x270         *              0             0             1 
   272 x271         *              0             0             1 
   273 x272         *              0             0             1 
   274 x273         *              0             0             1 
   275 x274         *              0             0             1 
   276 x275         *              0             0             1 
   277 x276         *              0             0             1 
   278 x277         *              0             0             1 
   279 x278         *              0             0             1 
   280 x279         *              0             0             1 
   281 x280         *              0             0             1 
   282 x281         *              0             0             1 
   283 x282         *              0             0             1 
   284 x283         *              0             0             1 
   285 x284         *              0             0             1 
   286 x285         *              0             0             1 
   287 x286         *              0             0             1 
   288 x287         *              1             0             1 
   289 x288         *              0             0             1 
   290 x289         *              0             0             1 
   291 x290         *              0             0             1 
   292 x291         *              0             0             1 
   293 x292         *              0             0             1 
   294 x293         *              0             0             1 
   295 x294         *              0             0             1 
   296 x295         *              0             0             1 
   297 x296         *              0             0             1 
   298 x297         *              0             0             1 
   299 x298         *              0             0             1 
   300 x299         *              0             0             1 

Integer feasibility conditions:

KKT.PE: max.abs.err = 0.00e+00 on row 0
        max.rel.err = 0.00e+00 on row 0
        High quality

KKT.PB: max.abs.err = 0.00e+00 on row 0
        max.rel.err = 0.00e+00 on row 0
        High quality

End of output
