Problem:    
Rows:       372
Columns:    375 (375 integer, 375 binary)
Non-zeros:  38683
Status:     INTEGER OPTIMAL
Objective:  z = 109 (MAXimum)

   No.   Row name        Activity     Lower bound   Upper bound
------ ------------    ------------- ------------- -------------
     1 c1                          3                         223 
     2 c2                          2                         228 
     3 c3                          2                         207 
     4 c4                          2                         190 
     5 c5                          3                         238 
     6 c6                          2                         191 
     7 c7                          2                         220 
     8 c8                          4                         194 
     9 c9                          4                         222 
    10 c10                         3                         210 
    11 c11                         3                         189 
    12 c12                         4                         183 
    13 c13                         2                         204 
    14 c14                         3                         156 
    15 c15                         4                         240 
    16 c16                         3                         210 
    17 c17                         2                         203 
    18 c18                         2                         178 
    19 c19                         3                         173 
    20 c20                         3                         192 
    21 c21                         4                         216 
    22 c22                         3                         236 
    23 c23                         3                         179 
    24 c24                         3                         213 
    25 c25                         2                         197 
    26 c26                         3                         168 
    27 c27                         2                         211 
    28 c28                         2                         155 
    29 c29                         2                         227 
    30 c30                         3                         204 
    31 c31                         3                         204 
    32 c32                         3                         181 
    33 c33                         3                         151 
    34 c34                         3                         183 
    35 c35                         2                         167 
    36 c36                         3                         233 
    37 c37                         3                         205 
    38 c38                         2                         139 
    39 c39                         3                         180 
    40 c40                         2                         179 
    41 c41                         4                         205 
    42 c42                         3                         188 
    43 c43                         3                         186 
    44 c44                         4                         202 
    45 c45                         2                         190 
    46 c46                         3                         198 
    47 c47                         3                         164 
    48 c48                         3                         136 
    49 c49                       191                         191 
    50 c50                         1                         204 
    51 c51                         3                         176 
    52 c52                         3                         130 
    53 c53                         3                         180 
    54 c54                         2                         205 
    55 c55                         1                         176 
    56 c56                         3                         190 
    57 c57                         2                         201 
    58 c58                         2                         168 
    59 c59                         2                         158 
    60 c60                         4                         182 
    61 c61                         3                         184 
    62 c62                         1                         207 
    63 c63                         3                         190 
    64 c64                         3                         184 
    65 c65                         3                         179 
    66 c66                         2                         173 
    67 c67                         3                         173 
    68 c68                         3                         166 
    69 c69                         3                         154 
    70 c70                         3                         111 
    71 c71                         2                         119 
    72 c72                         2                         191 
    73 c73                         1                         155 
    74 c74                         2                         183 
    75 c75                         2                         158 
    76 c76                         2                         143 
    77 c77                         2                         166 
    78 c78                         3                         161 
    79 c79                         2                         171 
    80 c80                         2                         152 
    81 c81                         3                         162 
    82 c82                         2                         188 
    83 c83                         3                         130 
    84 c84                         2                         139 
    85 c85                         3                         168 
    86 c86                         4                         165 
    87 c87                         1                         179 
    88 c88                         2                         143 
    89 c89                         2                         159 
    90 c90                         2                         135 
    91 c91                         2                         175 
    92 c92                         2                         179 
    93 c93                         2                         160 
    94 c94                         2                         130 
    95 c95                         3                         173 
    96 c96                         3                         150 
    97 c97                         2                         132 
    98 c98                         1                         162 
    99 c99                         2                         187 
   100 c100                        2                         105 
   101 c101                        3                         163 
   102 c102                        2                         158 
   103 c103                        3                         130 
   104 c104                        2                         136 
   105 c105                        1                         181 
   106 c106                        4                         172 
   107 c107                        3                         143 
   108 c108                        3                         153 
   109 c109                        2                          99 
   110 c110                        2                         157 
   111 c111                        3                         131 
   112 c112                        2                         128 
   113 c113                        3                         146 
   114 c114                        3                         157 
   115 c115                        2                         142 
   116 c116                        3                         143 
   117 c117                        3                         144 
   118 c118                        3                         133 
   119 c119                        2                         104 
   120 c120                        2                          88 
   121 c121                        3                         109 
   122 c122                        2                         123 
   123 c123                        1                         157 
   124 c124                        3                         111 
   125 c125                        4                         165 
   126 c126                        3                         150 
   127 c127                        4                         145 
   128 c128                        2                         126 
   129 c129                        3                         116 
   130 c130                        3                         153 
   131 c131                        3                          96 
   132 c132                        2                         145 
   133 c133                        2                         148 
   134 c134                        2                         101 
   135 c135                        3                         146 
   136 c136                        2                         120 
   137 c137                        2                         117 
   138 c138                        3                         125 
   139 c139                        3                          99 
   140 c140                        2                         134 
   141 c141                        2                         123 
   142 c142                        2                         101 
   143 c143                        3                         101 
   144 c144                        2                         145 
   145 c145                        2                         155 
   146 c146                        2                         124 
   147 c147                        3                         113 
   148 c148                        2                         126 
   149 c149                        2                         124 
   150 c150                        3                         112 
   151 c151                        3                         117 
   152 c152                        2                         125 
   153 c153                        2                          79 
   154 c154                        3                         112 
   155 c155                        3                         109 
   156 c156                        1                         120 
   157 c157                        3                         142 
   158 c158                        2                         103 
   159 c159                        2                         111 
   160 c160                        2                         125 
   161 c161                        3                         110 
   162 c162                        2                          94 
   163 c163                        3                         131 
   164 c164                        2                         127 
   165 c165                        1                         141 
   166 c166                        3                          90 
   167 c167                        3                         112 
   168 c168                        1                         121 
   169 c169                        2                         115 
   170 c170                        2                          98 
   171 c171                        1                         114 
   172 c172                        3                         109 
   173 c173                        2                         107 
   174 c174                        3                         121 
   175 c175                      114                         114 
   176 c176                        2                          79 
   177 c177                        2                         121 
   178 c178                        3                         114 
   179 c179                        3                         111 
   180 c180                        1                         121 
   181 c181                        2                         116 
   182 c182                        2                         119 
   183 c183                        3                          76 
   184 c184                        2                         115 
   185 c185                       88                          88 
   186 c186                        2                         127 
   187 c187                        0                         110 
   188 c188                        1                         110 
   189 c189                        1                         117 
   190 c190                        2                          69 
   191 c191                        2                         107 
   192 c192                        1                          78 
   193 c193                        2                         109 
   194 c194                        1                          93 
   195 c195                        2                          76 
   196 c196                        1                          96 
   197 c197                        2                         119 
   198 c198                        1                          92 
   199 c199                        1                         107 
   200 c200                        1                          96 
   201 c201                        3                          72 
   202 c202                        1                         114 
   203 c203                        1                          79 
   204 c204                        1                          93 
   205 c205                        1                          94 
   206 c206                        1                          97 
   207 c207                        2                          80 
   208 c208                        1                          85 
   209 c209                        2                          96 
   210 c210                        2                          86 
   211 c211                        1                          62 
   212 c212                        2                          82 
   213 c213                        1                          91 
   214 c214                        1                          63 
   215 c215                        2                          94 
   216 c216                        1                         115 
   217 c217                        1                          79 
   218 c218                        2                          98 
   219 c219                        1                          74 
   220 c220                        3                          94 
   221 c221                        1                         104 
   222 c222                        2                          75 
   223 c223                        2                          75 
   224 c224                        2                          95 
   225 c225                        1                          99 
   226 c226                        1                          96 
   227 c227                        0                          83 
   228 c228                        1                          92 
   229 c229                        2                          57 
   230 c230                        0                          68 
   231 c231                        2                          87 
   232 c232                        1                          77 
   233 c233                        2                          74 
   234 c234                        2                          80 
   235 c235                        1                          95 
   236 c236                        1                          74 
   237 c237                        1                          88 
   238 c238                        0                          67 
   239 c239                        2                          87 
   240 c240                        1                          66 
   241 c241                        1                          83 
   242 c242                        1                          61 
   243 c243                        2                          87 
   244 c244                        1                          63 
   245 c245                        2                          65 
   246 c246                        1                          71 
   247 c247                        2                          78 
   248 c248                        0                          64 
   249 c249                        1                          69 
   250 c250                        0                          70 
   251 c251                        3                          58 
   252 c252                        1                          92 
   253 c253                        2                          61 
   254 c254                        0                          66 
   255 c255                        1                          65 
   256 c256                        2                          67 
   257 c257                        1                          70 
   258 c258                        1                          55 
   259 c259                        0                          66 
   260 c260                        1                          54 
   261 c261                        2                          49 
   262 c262                        2                          56 
   263 c263                        2                          77 
   264 c264                        1                          60 
   265 c265                        1                          52 
   266 c266                        2                          65 
   267 c267                        2                          63 
   268 c268                        2                          74 
   269 c269                        1                          55 
   270 c270                        0                          50 
   271 c271                        1                          56 
   272 c272                        2                          62 
   273 c273                        1                          65 
   274 c274                        1                          48 
   275 c275                        1                          60 
   276 c276                        2                          69 
   277 c277                        2                          40 
   278 c278                        2                          67 
   279 c279                        2                          57 
   280 c280                        1                          41 
   281 c281                        2                          52 
   282 c282                        1                          47 
   283 c283                        2                          56 
   284 c284                        1                          45 
   285 c285                        1                          59 
   286 c286                        2                          42 
   287 c287                        2                          50 
   288 c288                        1                          51 
   289 c289                        2                          44 
   290 c290                        2                          54 
   291 c291                        2                          51 
   292 c292                        1                          44 
   293 c293                        1                          40 
   294 c294                        2                          32 
   295 c295                        1                          35 
   296 c296                        1                          54 
   297 c297                        2                          41 
   298 c298                        0                          30 
   299 c299                       30                          30 
   300 c300                        0                          41 
   301 c301                        0                          38 
   302 c302                        1                          35 
   303 c303                        1                          36 
   304 c304                        1                          40 
   305 c305                        2                          40 
   306 c306                        0                          39 
   307 c307                        1                          32 
   308 c308                        1                          35 
   309 c309                        1                          39 
   310 c310                        1                          34 
   311 c311                        1                          40 
   312 c312                        1                          41 
   313 c313                        2                          37 
   314 c314                        2                          37 
   315 c315                        1                          33 
   316 c316                        2                          27 
   317 c317                        0                          33 
   318 c318                        1                          25 
   319 c319                        1                          26 
   320 c320                        1                          42 
   321 c321                        1                          36 
   322 c322                        2                          34 
   323 c323                        0                          32 
   324 c324                        1                          19 
   325 c325                        1                          28 
   326 c326                        1                          30 
   327 c327                        1                          28 
   328 c328                        2                          27 
   329 c329                        2                          22 
   330 c330                        0                          29 
   331 c331                        0                          23 
   332 c332                        1                          27 
   333 c333                        2                          22 
   334 c334                        2                          19 
   335 c335                        1                          19 
   336 c336                        1                          23 
   337 c337                        1                          21 
   338 c338                        1                          17 
   339 c339                        2                          19 
   340 c340                        2                          20 
   341 c341                        2                          21 
   342 c342                        0                          18 
   343 c343                        1                          18 
   344 c344                        1                          17 
   345 c345                        0                          17 
   346 c346                        1                          12 
   347 c347                        1                          13 
   348 c348                        1                          14 
   349 c349                        2                          15 
   350 c350                        0                          12 
   351 c351                       14                          14 
   352 c352                        1                          11 
   353 c353                        0                          11 
   354 c354                        0                          14 
   355 c355                        1                          12 
   356 c356                        0                          14 
   357 c357                        0                          10 
   358 c358                        0                           9 
   359 c359                        0                           6 
   360 c360                        1                           8 
   361 c361                        1                           4 
   362 c362                        0                           6 
   363 c363                        5                           5 
   364 c364                        0                           6 
   365 c365                        0                           6 
   366 c366                        0                           3 
   367 c367                        0                           4 
   368 c368                        0                           3 
   369 c369                        0                           2 
   370 c370                        0                           2 
   371 c371                        0                           2 
   372 c372                        0                           1 

   No. Column name       Activity     Lower bound   Upper bound
------ ------------    ------------- ------------- -------------
     1 x0           *              0             0             1 
     2 x1           *              0             0             1 
     3 x2           *              0             0             1 
     4 x3           *              0             0             1 
     5 x4           *              0             0             1 
     6 x5           *              0             0             1 
     7 x6           *              0             0             1 
     8 x7           *              0             0             1 
     9 x8           *              0             0             1 
    10 x9           *              0             0             1 
    11 x10          *              0             0             1 
    12 x11          *              0             0             1 
    13 x12          *              0             0             1 
    14 x13          *              0             0             1 
    15 x14          *              0             0             1 
    16 x15          *              0             0             1 
    17 x16          *              0             0             1 
    18 x17          *              0             0             1 
    19 x18          *              0             0             1 
    20 x19          *              0             0             1 
    21 x20          *              0             0             1 
    22 x21          *              0             0             1 
    23 x22          *              0             0             1 
    24 x23          *              0             0             1 
    25 x24          *              0             0             1 
    26 x25          *              0             0             1 
    27 x26          *              0             0             1 
    28 x27          *              0             0             1 
    29 x28          *              0             0             1 
    30 x29          *              0             0             1 
    31 x30          *              0             0             1 
    32 x31          *              0             0             1 
    33 x32          *              0             0             1 
    34 x33          *              0             0             1 
    35 x34          *              0             0             1 
    36 x35          *              0             0             1 
    37 x36          *              0             0             1 
    38 x37          *              0             0             1 
    39 x38          *              0             0             1 
    40 x39          *              0             0             1 
    41 x40          *              0             0             1 
    42 x41          *              0             0             1 
    43 x42          *              0             0             1 
    44 x43          *              0             0             1 
    45 x44          *              0             0             1 
    46 x45          *              0             0             1 
    47 x46          *              0             0             1 
    48 x47          *              0             0             1 
    49 x48          *              1             0             1 
    50 x49          *              0             0             1 
    51 x50          *              0             0             1 
    52 x51          *              0             0             1 
    53 x52          *              0             0             1 
    54 x53          *              0             0             1 
    55 x54          *              0             0             1 
    56 x55          *              0             0             1 
    57 x56          *              0             0             1 
    58 x57          *              0             0             1 
    59 x58          *              0             0             1 
    60 x59          *              0             0             1 
    61 x60          *              0             0             1 
    62 x61          *              0             0             1 
    63 x62          *              0             0             1 
    64 x63          *              0             0             1 
    65 x64          *              0             0             1 
    66 x65          *              0             0             1 
    67 x66          *              0             0             1 
    68 x67          *              0             0             1 
    69 x68          *              0             0             1 
    70 x69          *              0             0             1 
    71 x70          *              0             0             1 
    72 x71          *              0             0             1 
    73 x72          *              0             0             1 
    74 x73          *              0             0             1 
    75 x74          *              0             0             1 
    76 x75          *              0             0             1 
    77 x76          *              0             0             1 
    78 x77          *              0             0             1 
    79 x78          *              0             0             1 
    80 x79          *              0             0             1 
    81 x80          *              0             0             1 
    82 x81          *              0             0             1 
    83 x82          *              0             0             1 
    84 x83          *              0             0             1 
    85 x84          *              0             0             1 
    86 x85          *              0             0             1 
    87 x86          *              0             0             1 
    88 x87          *              0             0             1 
    89 x88          *              0             0             1 
    90 x89          *              0             0             1 
    91 x90          *              0             0             1 
    92 x91          *              0             0             1 
    93 x92          *              0             0             1 
    94 x93          *              0             0             1 
    95 x94          *              0             0             1 
    96 x95          *              0             0             1 
    97 x96          *              0             0             1 
    98 x97          *              0             0             1 
    99 x98          *              0             0             1 
   100 x99          *              0             0             1 
   101 x100         *              0             0             1 
   102 x101         *              0             0             1 
   103 x102         *              0             0             1 
   104 x103         *              0             0             1 
   105 x104         *              0             0             1 
   106 x105         *              0             0             1 
   107 x106         *              0             0             1 
   108 x107         *              0             0             1 
   109 x108         *              0             0             1 
   110 x109         *              0             0             1 
   111 x110         *              0             0             1 
   112 x111         *              0             0             1 
   113 x112         *              0             0             1 
   114 x113         *              0             0             1 
   115 x114         *              0             0             1 
   116 x115         *              0             0             1 
   117 x116         *              0             0             1 
   118 x117         *              0             0             1 
   119 x118         *              0             0             1 
   120 x119         *              0             0             1 
   121 x120         *              0             0             1 
   122 x121         *              0             0             1 
   123 x122         *              0             0             1 
   124 x123         *              0             0             1 
   125 x124         *              0             0             1 
   126 x125         *              0             0             1 
   127 x126         *              0             0             1 
   128 x127         *              0             0             1 
   129 x128         *              0             0             1 
   130 x129         *              0             0             1 
   131 x130         *              0             0             1 
   132 x131         *              0             0             1 
   133 x132         *              0             0             1 
   134 x133         *              0             0             1 
   135 x134         *              0             0             1 
   136 x135         *              0             0             1 
   137 x136         *              0             0             1 
   138 x137         *              0             0             1 
   139 x138         *              0             0             1 
   140 x139         *              0             0             1 
   141 x140         *              0             0             1 
   142 x141         *              0             0             1 
   143 x142         *              0             0             1 
   144 x143         *              0             0             1 
   145 x144         *              0             0             1 
   146 x145         *              0             0             1 
   147 x146         *              0             0             1 
   148 x147         *              0             0             1 
   149 x148         *              0             0             1 
   150 x149         *              0             0             1 
   151 x150         *              0             0             1 
   152 x151         *              0             0             1 
   153 x152         *              0             0             1 
   154 x153         *              0             0             1 
   155 x154         *              0             0             1 
   156 x155         *              0             0             1 
   157 x156         *              0             0             1 
   158 x157         *              0             0             1 
   159 x158         *              0             0             1 
   160 x159         *              0             0             1 
   161 x160         *              0             0             1 
   162 x161         *              0             0             1 
   163 x162         *              0             0             1 
   164 x163         *              0             0             1 
   165 x164         *              0             0             1 
   166 x165         *              0             0             1 
   167 x166         *              0             0             1 
   168 x167         *              0             0             1 
   169 x168         *              0             0             1 
   170 x169         *              0             0             1 
   171 x170         *              0             0             1 
   172 x171         *              0             0             1 
   173 x172         *              0             0             1 
   174 x173         *              0             0             1 
   175 x174         *              1             0             1 
   176 x175         *              0             0             1 
   177 x176         *              0             0             1 
   178 x177         *              0             0             1 
   179 x178         *              0             0             1 
   180 x179         *              0             0             1 
   181 x180         *              0             0             1 
   182 x181         *              0             0             1 
   183 x182         *              0             0             1 
   184 x183         *              0             0             1 
   185 x184         *              1             0             1 
   186 x185         *              0             0             1 
   187 x186         *              0             0             1 
   188 x187         *              0             0             1 
   189 x188         *              0             0             1 
   190 x189         *              0             0             1 
   191 x190         *              0             0             1 
   192 x191         *              0             0             1 
   193 x192         *              0             0             1 
   194 x193         *              0             0             1 
   195 x194         *              0             0             1 
   196 x195         *              0             0             1 
   197 x196         *              0             0             1 
   198 x197         *              0             0             1 
   199 x198         *              0             0             1 
   200 x199         *              0             0             1 
   201 x200         *              0             0             1 
   202 x201         *              0             0             1 
   203 x202         *              0             0             1 
   204 x203         *              0             0             1 
   205 x204         *              0             0             1 
   206 x205         *              0             0             1 
   207 x206         *              0             0             1 
   208 x207         *              0             0             1 
   209 x208         *              0             0             1 
   210 x209         *              0             0             1 
   211 x210         *              0             0             1 
   212 x211         *              0             0             1 
   213 x212         *              0             0             1 
   214 x213         *              0             0             1 
   215 x214         *              0             0             1 
   216 x215         *              0             0             1 
   217 x216         *              0             0             1 
   218 x217         *              0             0             1 
   219 x218         *              0             0             1 
   220 x219         *              0             0             1 
   221 x220         *              0             0             1 
   222 x221         *              0             0             1 
   223 x222         *              0             0             1 
   224 x223         *              0             0             1 
   225 x224         *              0             0             1 
   226 x225         *              0             0             1 
   227 x226         *              0             0             1 
   228 x227         *              0             0             1 
   229 x228         *              0             0             1 
   230 x229         *              0             0             1 
   231 x230         *              0             0             1 
   232 x231         *              0             0             1 
   233 x232         *              0             0             1 
   234 x233         *              0             0             1 
   235 x234         *              0             0             1 
   236 x235         *              0             0             1 
   237 x236         *              0             0             1 
   238 x237         *              0             0             1 
   239 x238         *              0             0             1 
   240 x239         *              0             0             1 
   241 x240         *              0             0             1 
   242 x241         *              0             0             1 
   243 x242         *              0             0             1 
   244 x243         *              0             0             1 
   245 x244         *              0             0             1 
   246 x245         *              0             0             1 
   247 x246         *              0             0             1 
   248 x247         *              0             0             1 
   249 x248         *              0             0             1 
   250 x249         *              0             0             1 
   251 x250         *              0             0             1 
   252 x251         *              0             0             1 
   253 x252         *              0             0             1 
   254 x253         *              0             0             1 
   255 x254         *              0             0             1 
   256 x255         *              0             0             1 
   257 x256         *              0             0             1 
   258 x257         *              0             0             1 
   259 x258         *              0             0             1 
   260 x259         *              0             0             1 
   261 x260         *              0             0             1 
   262 x261         *              0             0             1 
   263 x262         *              0             0             1 
   264 x263         *              0             0             1 
   265 x264         *              0             0             1 
   266 x265         *              0             0             1 
   267 x266         *              0             0             1 
   268 x267         *              0             0             1 
   269 x268         *              0             0             1 
   270 x269         *              0             0             1 
   271 x270         *              0             0             1 
   272 x271         *              0             0             1 
   273 x272         *              0             0             1 
   274 x273         *              0             0             1 
   275 x274         *              0             0             1 
   276 x275         *              0             0             1 
   277 x276         *              0             0             1 
   278 x277         *              0             0             1 
   279 x278         *              0             0             1 
   280 x279         *              0             0             1 
   281 x280         *              0             0             1 
   282 x281         *              0             0             1 
   283 x282         *              0             0             1 
   284 x283         *              0             0             1 
   285 x284         *              0             0             1 
   286 x285         *              0             0             1 
   287 x286         *              0             0             1 
   288 x287         *              0             0             1 
   289 x288         *              0             0             1 
   290 x289         *              0             0             1 
   291 x290         *              0             0             1 
   292 x291         *              0             0             1 
   293 x292         *              0             0             1 
   294 x293         *              0             0             1 
   295 x294         *              0             0             1 
   296 x295         *              0             0             1 
   297 x296         *              0             0             1 
   298 x297         *              0             0             1 
   299 x298         *              1             0             1 
   300 x299         *              0             0             1 
   301 x300         *              0             0             1 
   302 x301         *              0             0             1 
   303 x302         *              0             0             1 
   304 x303         *              0             0             1 
   305 x304         *              0             0             1 
   306 x305         *              0             0             1 
   307 x306         *              0             0             1 
   308 x307         *              0             0             1 
   309 x308         *              0             0             1 
   310 x309         *              0             0             1 
   311 x310         *              0             0             1 
   312 x311         *              0             0             1 
   313 x312         *              0             0             1 
   314 x313         *              0             0             1 
   315 x314         *              0             0             1 
   316 x315         *              0             0             1 
   317 x316         *              0             0             1 
   318 x317         *              0             0             1 
   319 x318         *              0             0             1 
   320 x319         *              0             0             1 
   321 x320         *              0             0             1 
   322 x321         *              0             0             1 
   323 x322         *              0             0             1 
   324 x323         *              0             0             1 
   325 x324         *              0             0             1 
   326 x325         *              0             0             1 
   327 x326         *              0             0             1 
   328 x327         *              0             0             1 
   329 x328         *              0             0             1 
   330 x329         *              0             0             1 
   331 x330         *              0             0             1 
   332 x331         *              0             0             1 
   333 x332         *              0             0             1 
   334 x333         *              0             0             1 
   335 x334         *              0             0             1 
   336 x335         *              0             0             1 
   337 x336         *              0             0             1 
   338 x337         *              0             0             1 
   339 x338         *              0             0             1 
   340 x339         *              0             0             1 
   341 x340         *              0             0             1 
   342 x341         *              0             0             1 
   343 x342         *              0             0             1 
   344 x343         *              0             0             1 
   345 x344         *              0             0             1 
   346 x345         *              0             0             1 
   347 x346         *              0             0             1 
   348 x347         *              0             0             1 
   349 x348         *              0             0             1 
   350 x349         *              0             0             1 
   351 x350         *              1             0             1 
   352 x351         *              0             0             1 
   353 x352         *              0             0             1 
   354 x353         *              0             0             1 
   355 x354         *              0             0             1 
   356 x355         *              0             0             1 
   357 x356         *              0             0             1 
   358 x357         *              0             0             1 
   359 x358         *              0             0             1 
   360 x359         *              0             0             1 
   361 x360         *              0             0             1 
   362 x361         *              0             0             1 
   363 x362         *              1             0             1 
   364 x363         *              0             0             1 
   365 x364         *              0             0             1 
   366 x365         *              0             0             1 
   367 x366         *              0             0             1 
   368 x367         *              0             0             1 
   369 x368         *              0             0             1 
   370 x369         *              0             0             1 
   371 x370         *              0             0             1 
   372 x371         *              0             0             1 
   373 x372         *              0             0             1 
   374 x373         *              0             0             1 
   375 x374         *              0             0             1 

Integer feasibility conditions:

KKT.PE: max.abs.err = 0.00e+00 on row 0
        max.rel.err = 0.00e+00 on row 0
        High quality

KKT.PB: max.abs.err = 0.00e+00 on row 0
        max.rel.err = 0.00e+00 on row 0
        High quality

End of output
