Problem:    
Rows:       297
Columns:    300 (300 integer, 300 binary)
Non-zeros:  21056
Status:     INTEGER OPTIMAL
Objective:  z = 121 (MAXimum)

   No.   Row name        Activity     Lower bound   Upper bound
------ ------------    ------------- ------------- -------------
     1 c1                          3                         152 
     2 c2                          3                         148 
     3 c3                          2                         150 
     4 c4                          3                         140 
     5 c5                          4                         148 
     6 c6                          2                         141 
     7 c7                          4                         164 
     8 c8                          3                         161 
     9 c9                          2                         129 
    10 c10                         3                         153 
    11 c11                         2                         122 
    12 c12                         4                         123 
    13 c13                         2                         150 
    14 c14                         4                         145 
    15 c15                         4                         145 
    16 c16                         3                         129 
    17 c17                         2                          73 
    18 c18                         2                         135 
    19 c19                         2                         139 
    20 c20                         3                         157 
    21 c21                         3                         150 
    22 c22                         3                         106 
    23 c23                         3                         121 
    24 c24                         3                         163 
    25 c25                         4                         156 
    26 c26                         4                         105 
    27 c27                         3                         129 
    28 c28                         3                         153 
    29 c29                         2                         102 
    30 c30                         3                         170 
    31 c31                         3                          90 
    32 c32                         2                         131 
    33 c33                         3                          94 
    34 c34                         3                         132 
    35 c35                         4                         146 
    36 c36                         4                          87 
    37 c37                         2                         128 
    38 c38                         3                         136 
    39 c39                         3                         108 
    40 c40                         2                         101 
    41 c41                         3                         114 
    42 c42                         3                         110 
    43 c43                         3                          76 
    44 c44                         4                         124 
    45 c45                         2                         104 
    46 c46                         3                         150 
    47 c47                         2                         120 
    48 c48                         4                         113 
    49 c49                         2                          78 
    50 c50                         2                         133 
    51 c51                         3                         133 
    52 c52                         3                         130 
    53 c53                         3                          69 
    54 c54                         2                         113 
    55 c55                         3                         132 
    56 c56                         4                         121 
    57 c57                         2                         116 
    58 c58                         3                         111 
    59 c59                         3                         106 
    60 c60                         2                          87 
    61 c61                         3                         115 
    62 c62                         3                         122 
    63 c63                         4                         110 
    64 c64                         3                          79 
    65 c65                         3                         100 
    66 c66                         3                         108 
    67 c67                         2                          97 
    68 c68                         3                          82 
    69 c69                         3                          85 
    70 c70                         2                         103 
    71 c71                         2                         101 
    72 c72                         4                          96 
    73 c73                         3                         100 
    74 c74                         3                         127 
    75 c75                         2                         100 
    76 c76                         2                          73 
    77 c77                         2                          70 
    78 c78                         2                          82 
    79 c79                         2                         128 
    80 c80                         2                         114 
    81 c81                         2                         106 
    82 c82                         3                          99 
    83 c83                         2                          79 
    84 c84                         2                          81 
    85 c85                         4                         117 
    86 c86                         3                         109 
    87 c87                         3                          88 
    88 c88                         3                          89 
    89 c89                         3                          86 
    90 c90                         3                          80 
    91 c91                         3                          93 
    92 c92                         4                         108 
    93 c93                         3                         120 
    94 c94                         3                         117 
    95 c95                         3                         105 
    96 c96                         2                          84 
    97 c97                         2                         108 
    98 c98                         3                          96 
    99 c99                         3                          88 
   100 c100                        2                         111 
   101 c101                        3                          85 
   102 c102                        3                          79 
   103 c103                        4                         101 
   104 c104                        2                          94 
   105 c105                        3                         112 
   106 c106                        4                         102 
   107 c107                        2                          77 
   108 c108                        3                         119 
   109 c109                        2                          70 
   110 c110                        4                          74 
   111 c111                        2                          65 
   112 c112                        3                          94 
   113 c113                        3                          94 
   114 c114                        2                          72 
   115 c115                        4                          75 
   116 c116                        2                          84 
   117 c117                        3                          97 
   118 c118                        3                          80 
   119 c119                        4                          75 
   120 c120                        3                          72 
   121 c121                        3                          85 
   122 c122                        3                          85 
   123 c123                        2                          86 
   124 c124                        4                          79 
   125 c125                        2                          88 
   126 c126                        3                          71 
   127 c127                        4                          81 
   128 c128                        4                          96 
   129 c129                        3                          92 
   130 c130                        3                          77 
   131 c131                        3                          87 
   132 c132                        3                          81 
   133 c133                        3                          44 
   134 c134                        4                          73 
   135 c135                        3                          81 
   136 c136                        4                          62 
   137 c137                        2                          62 
   138 c138                        3                          70 
   139 c139                        2                          59 
   140 c140                        3                          73 
   141 c141                        3                          65 
   142 c142                        3                          69 
   143 c143                        3                          67 
   144 c144                       67                          67 
   145 c145                        2                          71 
   146 c146                        3                          66 
   147 c147                        3                          93 
   148 c148                        3                          61 
   149 c149                        4                          84 
   150 c150                        4                          60 
   151 c151                        4                          68 
   152 c152                        2                          70 
   153 c153                        3                          62 
   154 c154                        2                          69 
   155 c155                        2                          64 
   156 c156                        1                          55 
   157 c157                        3                          85 
   158 c158                        2                          49 
   159 c159                        3                          75 
   160 c160                        4                          37 
   161 c161                        3                          74 
   162 c162                        3                          77 
   163 c163                        1                          60 
   164 c164                        2                          78 
   165 c165                        1                          58 
   166 c166                        2                          69 
   167 c167                        3                          49 
   168 c168                        2                          66 
   169 c169                        1                          59 
   170 c170                        3                          62 
   171 c171                        3                          59 
   172 c172                        2                          69 
   173 c173                        4                          76 
   174 c174                        2                          61 
   175 c175                        2                          55 
   176 c176                        3                          54 
   177 c177                        3                          68 
   178 c178                        2                          54 
   179 c179                        2                          62 
   180 c180                        3                          56 
   181 c181                        3                          60 
   182 c182                       61                          61 
   183 c183                        1                          52 
   184 c184                        2                          56 
   185 c185                        1                          56 
   186 c186                        2                          58 
   187 c187                        2                          62 
   188 c188                        2                          43 
   189 c189                        3                          51 
   190 c190                        2                          44 
   191 c191                        3                          57 
   192 c192                        2                          55 
   193 c193                        2                          39 
   194 c194                       40                          40 
   195 c195                        2                          46 
   196 c196                        1                          59 
   197 c197                        2                          34 
   198 c198                        1                          62 
   199 c199                        2                          50 
   200 c200                        2                          55 
   201 c201                        1                          42 
   202 c202                        2                          49 
   203 c203                        2                          52 
   204 c204                        2                          46 
   205 c205                        2                          36 
   206 c206                        1                          57 
   207 c207                        2                          44 
   208 c208                        2                          40 
   209 c209                       38                          38 
   210 c210                        2                          42 
   211 c211                        1                          41 
   212 c212                        1                          44 
   213 c213                        1                          52 
   214 c214                        1                          46 
   215 c215                        1                          33 
   216 c216                        1                          37 
   217 c217                        1                          35 
   218 c218                        0                          42 
   219 c219                        1                          30 
   220 c220                        2                          38 
   221 c221                        0                          37 
   222 c222                        2                          35 
   223 c223                        2                          32 
   224 c224                        1                          44 
   225 c225                        1                          28 
   226 c226                        0                          35 
   227 c227                        1                          49 
   228 c228                        1                          35 
   229 c229                        0                          33 
   230 c230                        0                          40 
   231 c231                        0                          24 
   232 c232                        0                          23 
   233 c233                        1                          29 
   234 c234                        2                          27 
   235 c235                        0                          36 
   236 c236                        2                          35 
   237 c237                        2                          38 
   238 c238                        2                          33 
   239 c239                        2                          32 
   240 c240                        1                          26 
   241 c241                       16                          16 
   242 c242                        1                          26 
   243 c243                        1                          32 
   244 c244                        1                          25 
   245 c245                        1                          22 
   246 c246                        1                          22 
   247 c247                        1                          30 
   248 c248                        1                          26 
   249 c249                        1                          29 
   250 c250                        1                          35 
   251 c251                        1                          25 
   252 c252                        1                          20 
   253 c253                        1                          22 
   254 c254                        0                          24 
   255 c255                        1                          22 
   256 c256                        1                          18 
   257 c257                        2                          25 
   258 c258                        1                          20 
   259 c259                        1                          21 
   260 c260                        0                          17 
   261 c261                        1                          18 
   262 c262                        1                          20 
   263 c263                        0                          20 
   264 c264                        1                          20 
   265 c265                        0                          17 
   266 c266                        1                          17 
   267 c267                        2                          16 
   268 c268                        0                           8 
   269 c269                        1                          14 
   270 c270                        0                          16 
   271 c271                        1                          17 
   272 c272                        1                          12 
   273 c273                       11                          11 
   274 c274                        1                           9 
   275 c275                        0                          15 
   276 c276                        1                          12 
   277 c277                        8                           8 
   278 c278                        0                           9 
   279 c279                        0                           9 
   280 c280                        0                           9 
   281 c281                        0                          10 
   282 c282                        0                          10 
   283 c283                        0                           9 
   284 c284                        0                           5 
   285 c285                        0                           5 
   286 c286                        0                           7 
   287 c287                        0                           8 
   288 c288                        0                           6 
   289 c289                        0                           4 
   290 c290                        0                           2 
   291 c291                        0                           6 
   292 c292                        0                           4 
   293 c293                        0                           4 
   294 c294                        0                           2 
   295 c295                        0                           1 
   296 c296                        0                           1 
   297 c297                        0                           2 

   No. Column name       Activity     Lower bound   Upper bound
------ ------------    ------------- ------------- -------------
     1 x0           *              0             0             1 
     2 x1           *              0             0             1 
     3 x2           *              0             0             1 
     4 x3           *              0             0             1 
     5 x4           *              0             0             1 
     6 x5           *              0             0             1 
     7 x6           *              0             0             1 
     8 x7           *              0             0             1 
     9 x8           *              0             0             1 
    10 x9           *              0             0             1 
    11 x10          *              0             0             1 
    12 x11          *              0             0             1 
    13 x12          *              0             0             1 
    14 x13          *              0             0             1 
    15 x14          *              0             0             1 
    16 x15          *              0             0             1 
    17 x16          *              0             0             1 
    18 x17          *              0             0             1 
    19 x18          *              0             0             1 
    20 x19          *              0             0             1 
    21 x20          *              0             0             1 
    22 x21          *              0             0             1 
    23 x22          *              0             0             1 
    24 x23          *              0             0             1 
    25 x24          *              0             0             1 
    26 x25          *              0             0             1 
    27 x26          *              0             0             1 
    28 x27          *              0             0             1 
    29 x28          *              0             0             1 
    30 x29          *              0             0             1 
    31 x30          *              0             0             1 
    32 x31          *              0             0             1 
    33 x32          *              0             0             1 
    34 x33          *              0             0             1 
    35 x34          *              0             0             1 
    36 x35          *              0             0             1 
    37 x36          *              0             0             1 
    38 x37          *              0             0             1 
    39 x38          *              0             0             1 
    40 x39          *              0             0             1 
    41 x40          *              0             0             1 
    42 x41          *              0             0             1 
    43 x42          *              0             0             1 
    44 x43          *              0             0             1 
    45 x44          *              0             0             1 
    46 x45          *              0             0             1 
    47 x46          *              0             0             1 
    48 x47          *              0             0             1 
    49 x48          *              0             0             1 
    50 x49          *              0             0             1 
    51 x50          *              0             0             1 
    52 x51          *              0             0             1 
    53 x52          *              0             0             1 
    54 x53          *              0             0             1 
    55 x54          *              0             0             1 
    56 x55          *              0             0             1 
    57 x56          *              0             0             1 
    58 x57          *              0             0             1 
    59 x58          *              0             0             1 
    60 x59          *              0             0             1 
    61 x60          *              0             0             1 
    62 x61          *              0             0             1 
    63 x62          *              0             0             1 
    64 x63          *              0             0             1 
    65 x64          *              0             0             1 
    66 x65          *              0             0             1 
    67 x66          *              0             0             1 
    68 x67          *              0             0             1 
    69 x68          *              0             0             1 
    70 x69          *              0             0             1 
    71 x70          *              0             0             1 
    72 x71          *              0             0             1 
    73 x72          *              0             0             1 
    74 x73          *              0             0             1 
    75 x74          *              0             0             1 
    76 x75          *              0             0             1 
    77 x76          *              0             0             1 
    78 x77          *              0             0             1 
    79 x78          *              0             0             1 
    80 x79          *              0             0             1 
    81 x80          *              0             0             1 
    82 x81          *              0             0             1 
    83 x82          *              0             0             1 
    84 x83          *              0             0             1 
    85 x84          *              0             0             1 
    86 x85          *              0             0             1 
    87 x86          *              0             0             1 
    88 x87          *              0             0             1 
    89 x88          *              0             0             1 
    90 x89          *              0             0             1 
    91 x90          *              0             0             1 
    92 x91          *              0             0             1 
    93 x92          *              0             0             1 
    94 x93          *              0             0             1 
    95 x94          *              0             0             1 
    96 x95          *              0             0             1 
    97 x96          *              0             0             1 
    98 x97          *              0             0             1 
    99 x98          *              0             0             1 
   100 x99          *              0             0             1 
   101 x100         *              0             0             1 
   102 x101         *              0             0             1 
   103 x102         *              0             0             1 
   104 x103         *              0             0             1 
   105 x104         *              0             0             1 
   106 x105         *              0             0             1 
   107 x106         *              0             0             1 
   108 x107         *              0             0             1 
   109 x108         *              0             0             1 
   110 x109         *              0             0             1 
   111 x110         *              0             0             1 
   112 x111         *              0             0             1 
   113 x112         *              0             0             1 
   114 x113         *              0             0             1 
   115 x114         *              0             0             1 
   116 x115         *              0             0             1 
   117 x116         *              0             0             1 
   118 x117         *              0             0             1 
   119 x118         *              0             0             1 
   120 x119         *              0             0             1 
   121 x120         *              0             0             1 
   122 x121         *              0             0             1 
   123 x122         *              0             0             1 
   124 x123         *              0             0             1 
   125 x124         *              0             0             1 
   126 x125         *              0             0             1 
   127 x126         *              0             0             1 
   128 x127         *              0             0             1 
   129 x128         *              0             0             1 
   130 x129         *              0             0             1 
   131 x130         *              0             0             1 
   132 x131         *              0             0             1 
   133 x132         *              0             0             1 
   134 x133         *              0             0             1 
   135 x134         *              0             0             1 
   136 x135         *              0             0             1 
   137 x136         *              0             0             1 
   138 x137         *              0             0             1 
   139 x138         *              0             0             1 
   140 x139         *              0             0             1 
   141 x140         *              0             0             1 
   142 x141         *              0             0             1 
   143 x142         *              0             0             1 
   144 x143         *              1             0             1 
   145 x144         *              0             0             1 
   146 x145         *              0             0             1 
   147 x146         *              0             0             1 
   148 x147         *              0             0             1 
   149 x148         *              0             0             1 
   150 x149         *              0             0             1 
   151 x150         *              0             0             1 
   152 x151         *              0             0             1 
   153 x152         *              0             0             1 
   154 x153         *              0             0             1 
   155 x154         *              0             0             1 
   156 x155         *              0             0             1 
   157 x156         *              0             0             1 
   158 x157         *              0             0             1 
   159 x158         *              0             0             1 
   160 x159         *              0             0             1 
   161 x160         *              0             0             1 
   162 x161         *              0             0             1 
   163 x162         *              0             0             1 
   164 x163         *              0             0             1 
   165 x164         *              0             0             1 
   166 x165         *              0             0             1 
   167 x166         *              0             0             1 
   168 x167         *              0             0             1 
   169 x168         *              0             0             1 
   170 x169         *              0             0             1 
   171 x170         *              0             0             1 
   172 x171         *              0             0             1 
   173 x172         *              0             0             1 
   174 x173         *              0             0             1 
   175 x174         *              0             0             1 
   176 x175         *              0             0             1 
   177 x176         *              0             0             1 
   178 x177         *              0             0             1 
   179 x178         *              0             0             1 
   180 x179         *              0             0             1 
   181 x180         *              0             0             1 
   182 x181         *              1             0             1 
   183 x182         *              0             0             1 
   184 x183         *              0             0             1 
   185 x184         *              0             0             1 
   186 x185         *              0             0             1 
   187 x186         *              0             0             1 
   188 x187         *              0             0             1 
   189 x188         *              0             0             1 
   190 x189         *              0             0             1 
   191 x190         *              0             0             1 
   192 x191         *              0             0             1 
   193 x192         *              0             0             1 
   194 x193         *              1             0             1 
   195 x194         *              0             0             1 
   196 x195         *              0             0             1 
   197 x196         *              0             0             1 
   198 x197         *              0             0             1 
   199 x198         *              0             0             1 
   200 x199         *              0             0             1 
   201 x200         *              0             0             1 
   202 x201         *              0             0             1 
   203 x202         *              0             0             1 
   204 x203         *              0             0             1 
   205 x204         *              0             0             1 
   206 x205         *              0             0             1 
   207 x206         *              0             0             1 
   208 x207         *              0             0             1 
   209 x208         *              1             0             1 
   210 x209         *              0             0             1 
   211 x210         *              0             0             1 
   212 x211         *              0             0             1 
   213 x212         *              0             0             1 
   214 x213         *              0             0             1 
   215 x214         *              0             0             1 
   216 x215         *              0             0             1 
   217 x216         *              0             0             1 
   218 x217         *              0             0             1 
   219 x218         *              0             0             1 
   220 x219         *              0             0             1 
   221 x220         *              0             0             1 
   222 x221         *              0             0             1 
   223 x222         *              0             0             1 
   224 x223         *              0             0             1 
   225 x224         *              0             0             1 
   226 x225         *              0             0             1 
   227 x226         *              0             0             1 
   228 x227         *              0             0             1 
   229 x228         *              0             0             1 
   230 x229         *              0             0             1 
   231 x230         *              0             0             1 
   232 x231         *              0             0             1 
   233 x232         *              0             0             1 
   234 x233         *              0             0             1 
   235 x234         *              0             0             1 
   236 x235         *              0             0             1 
   237 x236         *              0             0             1 
   238 x237         *              0             0             1 
   239 x238         *              0             0             1 
   240 x239         *              0             0             1 
   241 x240         *              1             0             1 
   242 x241         *              0             0             1 
   243 x242         *              0             0             1 
   244 x243         *              0             0             1 
   245 x244         *              0             0             1 
   246 x245         *              0             0             1 
   247 x246         *              0             0             1 
   248 x247         *              0             0             1 
   249 x248         *              0             0             1 
   250 x249         *              0             0             1 
   251 x250         *              0             0             1 
   252 x251         *              0             0             1 
   253 x252         *              0             0             1 
   254 x253         *              0             0             1 
   255 x254         *              0             0             1 
   256 x255         *              0             0             1 
   257 x256         *              0             0             1 
   258 x257         *              0             0             1 
   259 x258         *              0             0             1 
   260 x259         *              0             0             1 
   261 x260         *              0             0             1 
   262 x261         *              0             0             1 
   263 x262         *              0             0             1 
   264 x263         *              0             0             1 
   265 x264         *              0             0             1 
   266 x265         *              0             0             1 
   267 x266         *              0             0             1 
   268 x267         *              0             0             1 
   269 x268         *              0             0             1 
   270 x269         *              0             0             1 
   271 x270         *              0             0             1 
   272 x271         *              0             0             1 
   273 x272         *              1             0             1 
   274 x273         *              0             0             1 
   275 x274         *              0             0             1 
   276 x275         *              0             0             1 
   277 x276         *              1             0             1 
   278 x277         *              0             0             1 
   279 x278         *              0             0             1 
   280 x279         *              0             0             1 
   281 x280         *              0             0             1 
   282 x281         *              0             0             1 
   283 x282         *              0             0             1 
   284 x283         *              0             0             1 
   285 x284         *              0             0             1 
   286 x285         *              0             0             1 
   287 x286         *              0             0             1 
   288 x287         *              0             0             1 
   289 x288         *              0             0             1 
   290 x289         *              0             0             1 
   291 x290         *              0             0             1 
   292 x291         *              0             0             1 
   293 x292         *              0             0             1 
   294 x293         *              0             0             1 
   295 x294         *              0             0             1 
   296 x295         *              0             0             1 
   297 x296         *              0             0             1 
   298 x297         *              0             0             1 
   299 x298         *              0             0             1 
   300 x299         *              0             0             1 

Integer feasibility conditions:

KKT.PE: max.abs.err = 0.00e+00 on row 0
        max.rel.err = 0.00e+00 on row 0
        High quality

KKT.PB: max.abs.err = 0.00e+00 on row 0
        max.rel.err = 0.00e+00 on row 0
        High quality

End of output
