Problem:    
Rows:       299
Columns:    300 (300 integer, 300 binary)
Non-zeros:  29760
Status:     INTEGER OPTIMAL
Objective:  z = 91 (MAXimum)

   No.   Row name        Activity     Lower bound   Upper bound
------ ------------    ------------- ------------- -------------
     1 c1                          3                         192 
     2 c2                          4                         211 
     3 c3                          4                         199 
     4 c4                          3                         188 
     5 c5                          3                         142 
     6 c6                          4                         201 
     7 c7                          3                         225 
     8 c8                          2                         176 
     9 c9                          3                         171 
    10 c10                         3                         164 
    11 c11                         2                         168 
    12 c12                         3                         199 
    13 c13                         2                         143 
    14 c14                         3                         145 
    15 c15                         2                         214 
    16 c16                         4                         151 
    17 c17                         3                         172 
    18 c18                         3                         191 
    19 c19                         2                         151 
    20 c20                         2                         215 
    21 c21                         3                         205 
    22 c22                         3                         183 
    23 c23                         3                         202 
    24 c24                         2                         178 
    25 c25                         2                         160 
    26 c26                         3                         193 
    27 c27                         3                         181 
    28 c28                         3                         196 
    29 c29                         3                         193 
    30 c30                         3                         197 
    31 c31                         2                         174 
    32 c32                         3                         176 
    33 c33                         3                         200 
    34 c34                         2                         190 
    35 c35                         3                         136 
    36 c36                         3                         165 
    37 c37                         3                         168 
    38 c38                         3                         164 
    39 c39                         3                         178 
    40 c40                         3                         195 
    41 c41                         3                         156 
    42 c42                         2                         203 
    43 c43                         3                         153 
    44 c44                         3                         195 
    45 c45                         4                         189 
    46 c46                         3                         163 
    47 c47                         3                         171 
    48 c48                         2                         147 
    49 c49                         2                         145 
    50 c50                         3                         179 
    51 c51                         4                         174 
    52 c52                         4                         197 
    53 c53                         4                         192 
    54 c54                         3                         177 
    55 c55                         4                         181 
    56 c56                         3                         152 
    57 c57                         1                          99 
    58 c58                         4                         180 
    59 c59                         2                          98 
    60 c60                         2                         183 
    61 c61                         3                         172 
    62 c62                         3                         132 
    63 c63                         3                         141 
    64 c64                         3                         143 
    65 c65                         3                         147 
    66 c66                         2                         154 
    67 c67                         2                          95 
    68 c68                         3                         168 
    69 c69                         2                         178 
    70 c70                         2                         137 
    71 c71                         4                         177 
    72 c72                         3                         136 
    73 c73                         3                         132 
    74 c74                         3                         139 
    75 c75                         3                         148 
    76 c76                         3                         169 
    77 c77                         3                         136 
    78 c78                         3                         144 
    79 c79                         2                         153 
    80 c80                         3                         172 
    81 c81                         4                         130 
    82 c82                         3                         136 
    83 c83                         3                         126 
    84 c84                         3                         157 
    85 c85                         3                         166 
    86 c86                         2                         123 
    87 c87                         2                         163 
    88 c88                         2                         116 
    89 c89                         3                         132 
    90 c90                         3                         153 
    91 c91                         3                         133 
    92 c92                         2                         128 
    93 c93                         2                         134 
    94 c94                         3                         100 
    95 c95                         2                         165 
    96 c96                         3                         160 
    97 c97                         4                         155 
    98 c98                         2                         116 
    99 c99                         2                         146 
   100 c100                        2                          97 
   101 c101                        3                         138 
   102 c102                       94                          94 
   103 c103                        3                         146 
   104 c104                        2                         116 
   105 c105                        2                         119 
   106 c106                        2                         110 
   107 c107                        2                         120 
   108 c108                        2                         146 
   109 c109                        2                         119 
   110 c110                        2                         119 
   111 c111                        3                         104 
   112 c112                        1                         119 
   113 c113                        2                         103 
   114 c114                        2                         127 
   115 c115                        1                          95 
   116 c116                        3                         150 
   117 c117                        2                         106 
   118 c118                        3                         123 
   119 c119                        2                         145 
   120 c120                        1                          76 
   121 c121                        2                          99 
   122 c122                        3                         137 
   123 c123                        3                         141 
   124 c124                        2                         109 
   125 c125                        4                         115 
   126 c126                        2                         137 
   127 c127                        3                          98 
   128 c128                        1                         102 
   129 c129                        2                         130 
   130 c130                        2                         103 
   131 c131                        2                         139 
   132 c132                        2                          83 
   133 c133                        1                          95 
   134 c134                        2                         135 
   135 c135                        3                         120 
   136 c136                        1                          97 
   137 c137                        2                         123 
   138 c138                        2                          83 
   139 c139                        3                         119 
   140 c140                        2                         104 
   141 c141                        2                          98 
   142 c142                        3                         118 
   143 c143                        2                          90 
   144 c144                        2                          69 
   145 c145                        3                          97 
   146 c146                        2                          84 
   147 c147                        2                         122 
   148 c148                        3                          84 
   149 c149                        2                         117 
   150 c150                        3                          88 
   151 c151                        2                         115 
   152 c152                        2                          95 
   153 c153                        4                         123 
   154 c154                        3                          94 
   155 c155                        3                          80 
   156 c156                        2                         108 
   157 c157                        2                         107 
   158 c158                        3                         107 
   159 c159                        2                          79 
   160 c160                        2                          78 
   161 c161                        2                         101 
   162 c162                        3                          84 
   163 c163                        2                          86 
   164 c164                        3                         109 
   165 c165                        3                         110 
   166 c166                        3                          87 
   167 c167                        2                          98 
   168 c168                        2                          79 
   169 c169                        3                          88 
   170 c170                        2                          87 
   171 c171                        3                          93 
   172 c172                        2                          71 
   173 c173                        2                          97 
   174 c174                        2                          61 
   175 c175                        3                         101 
   176 c176                        2                          80 
   177 c177                        2                          67 
   178 c178                        2                          79 
   179 c179                       87                          87 
   180 c180                        2                         100 
   181 c181                        2                          93 
   182 c182                        2                          96 
   183 c183                        2                          71 
   184 c184                        1                          74 
   185 c185                        0                          69 
   186 c186                        1                          89 
   187 c187                        2                          71 
   188 c188                        1                          63 
   189 c189                        1                          82 
   190 c190                        2                          79 
   191 c191                        2                          85 
   192 c192                        2                          67 
   193 c193                        1                          79 
   194 c194                        2                          71 
   195 c195                        2                          71 
   196 c196                        3                          83 
   197 c197                        1                          62 
   198 c198                        3                          52 
   199 c199                        3                          65 
   200 c200                        1                          69 
   201 c201                        2                          58 
   202 c202                        2                          68 
   203 c203                        1                          65 
   204 c204                        1                          74 
   205 c205                        2                          58 
   206 c206                        3                          49 
   207 c207                        2                          72 
   208 c208                        1                          72 
   209 c209                        2                          45 
   210 c210                        2                          50 
   211 c211                        1                          62 
   212 c212                        1                          50 
   213 c213                        2                          63 
   214 c214                        2                          71 
   215 c215                        2                          61 
   216 c216                        3                          52 
   217 c217                        1                          64 
   218 c218                        1                          58 
   219 c219                       52                          52 
   220 c220                        1                          65 
   221 c221                        2                          52 
   222 c222                        1                          65 
   223 c223                        2                          50 
   224 c224                       47                          47 
   225 c225                        1                          33 
   226 c226                        1                          41 
   227 c227                        0                          51 
   228 c228                        1                          39 
   229 c229                        0                          46 
   230 c230                        1                          53 
   231 c231                        0                          46 
   232 c232                        0                          39 
   233 c233                        0                          52 
   234 c234                        1                          44 
   235 c235                        1                          52 
   236 c236                        1                          51 
   237 c237                        1                          51 
   238 c238                        0                          29 
   239 c239                        0                          46 
   240 c240                        0                          36 
   241 c241                        0                          42 
   242 c242                        0                          40 
   243 c243                        1                          46 
   244 c244                        1                          46 
   245 c245                        1                          42 
   246 c246                        0                          41 
   247 c247                        0                          30 
   248 c248                        0                          38 
   249 c249                        0                          27 
   250 c250                        0                          28 
   251 c251                        0                          38 
   252 c252                        0                          27 
   253 c253                        1                          28 
   254 c254                        0                          31 
   255 c255                        0                          20 
   256 c256                        1                          26 
   257 c257                        1                          37 
   258 c258                        0                          27 
   259 c259                        1                          28 
   260 c260                        0                          33 
   261 c261                        1                          26 
   262 c262                        0                          24 
   263 c263                        1                          24 
   264 c264                        0                          26 
   265 c265                        1                          32 
   266 c266                        0                          20 
   267 c267                        1                          27 
   268 c268                        1                          21 
   269 c269                        1                          18 
   270 c270                       17                          17 
   271 c271                        0                          21 
   272 c272                        0                          22 
   273 c273                        0                          19 
   274 c274                        0                          13 
   275 c275                        0                          18 
   276 c276                        0                          14 
   277 c277                        0                          17 
   278 c278                        0                          14 
   279 c279                        0                          14 
   280 c280                        0                          10 
   281 c281                        0                          10 
   282 c282                        0                          11 
   283 c283                        0                          11 
   284 c284                        0                           9 
   285 c285                        0                          10 
   286 c286                        0                          11 
   287 c287                        0                           6 
   288 c288                        0                           6 
   289 c289                        0                           7 
   290 c290                        0                           5 
   291 c291                        0                           6 
   292 c292                        0                           4 
   293 c293                        0                           4 
   294 c294                        0                           2 
   295 c295                        0                           3 
   296 c296                        0                           1 
   297 c297                        0                           1 
   298 c298                        0                           1 
   299 c299                        0                           1 

   No. Column name       Activity     Lower bound   Upper bound
------ ------------    ------------- ------------- -------------
     1 x0           *              0             0             1 
     2 x1           *              0             0             1 
     3 x2           *              0             0             1 
     4 x3           *              0             0             1 
     5 x4           *              0             0             1 
     6 x5           *              0             0             1 
     7 x6           *              0             0             1 
     8 x7           *              0             0             1 
     9 x8           *              0             0             1 
    10 x9           *              0             0             1 
    11 x10          *              0             0             1 
    12 x11          *              0             0             1 
    13 x12          *              0             0             1 
    14 x13          *              0             0             1 
    15 x14          *              0             0             1 
    16 x15          *              0             0             1 
    17 x16          *              0             0             1 
    18 x17          *              0             0             1 
    19 x18          *              0             0             1 
    20 x19          *              0             0             1 
    21 x20          *              0             0             1 
    22 x21          *              0             0             1 
    23 x22          *              0             0             1 
    24 x23          *              0             0             1 
    25 x24          *              0             0             1 
    26 x25          *              0             0             1 
    27 x26          *              0             0             1 
    28 x27          *              0             0             1 
    29 x28          *              0             0             1 
    30 x29          *              0             0             1 
    31 x30          *              0             0             1 
    32 x31          *              0             0             1 
    33 x32          *              0             0             1 
    34 x33          *              0             0             1 
    35 x34          *              0             0             1 
    36 x35          *              0             0             1 
    37 x36          *              0             0             1 
    38 x37          *              0             0             1 
    39 x38          *              0             0             1 
    40 x39          *              0             0             1 
    41 x40          *              0             0             1 
    42 x41          *              0             0             1 
    43 x42          *              0             0             1 
    44 x43          *              0             0             1 
    45 x44          *              0             0             1 
    46 x45          *              0             0             1 
    47 x46          *              0             0             1 
    48 x47          *              0             0             1 
    49 x48          *              0             0             1 
    50 x49          *              0             0             1 
    51 x50          *              0             0             1 
    52 x51          *              0             0             1 
    53 x52          *              0             0             1 
    54 x53          *              0             0             1 
    55 x54          *              0             0             1 
    56 x55          *              0             0             1 
    57 x56          *              0             0             1 
    58 x57          *              0             0             1 
    59 x58          *              0             0             1 
    60 x59          *              0             0             1 
    61 x60          *              0             0             1 
    62 x61          *              0             0             1 
    63 x62          *              0             0             1 
    64 x63          *              0             0             1 
    65 x64          *              0             0             1 
    66 x65          *              0             0             1 
    67 x66          *              0             0             1 
    68 x67          *              0             0             1 
    69 x68          *              0             0             1 
    70 x69          *              0             0             1 
    71 x70          *              0             0             1 
    72 x71          *              0             0             1 
    73 x72          *              0             0             1 
    74 x73          *              0             0             1 
    75 x74          *              0             0             1 
    76 x75          *              0             0             1 
    77 x76          *              0             0             1 
    78 x77          *              0             0             1 
    79 x78          *              0             0             1 
    80 x79          *              0             0             1 
    81 x80          *              0             0             1 
    82 x81          *              0             0             1 
    83 x82          *              0             0             1 
    84 x83          *              0             0             1 
    85 x84          *              0             0             1 
    86 x85          *              0             0             1 
    87 x86          *              0             0             1 
    88 x87          *              0             0             1 
    89 x88          *              0             0             1 
    90 x89          *              0             0             1 
    91 x90          *              0             0             1 
    92 x91          *              0             0             1 
    93 x92          *              0             0             1 
    94 x93          *              0             0             1 
    95 x94          *              0             0             1 
    96 x95          *              0             0             1 
    97 x96          *              0             0             1 
    98 x97          *              0             0             1 
    99 x98          *              0             0             1 
   100 x99          *              0             0             1 
   101 x100         *              0             0             1 
   102 x101         *              1             0             1 
   103 x102         *              0             0             1 
   104 x103         *              0             0             1 
   105 x104         *              0             0             1 
   106 x105         *              0             0             1 
   107 x106         *              0             0             1 
   108 x107         *              0             0             1 
   109 x108         *              0             0             1 
   110 x109         *              0             0             1 
   111 x110         *              0             0             1 
   112 x111         *              0             0             1 
   113 x112         *              0             0             1 
   114 x113         *              0             0             1 
   115 x114         *              0             0             1 
   116 x115         *              0             0             1 
   117 x116         *              0             0             1 
   118 x117         *              0             0             1 
   119 x118         *              0             0             1 
   120 x119         *              0             0             1 
   121 x120         *              0             0             1 
   122 x121         *              0             0             1 
   123 x122         *              0             0             1 
   124 x123         *              0             0             1 
   125 x124         *              0             0             1 
   126 x125         *              0             0             1 
   127 x126         *              0             0             1 
   128 x127         *              0             0             1 
   129 x128         *              0             0             1 
   130 x129         *              0             0             1 
   131 x130         *              0             0             1 
   132 x131         *              0             0             1 
   133 x132         *              0             0             1 
   134 x133         *              0             0             1 
   135 x134         *              0             0             1 
   136 x135         *              0             0             1 
   137 x136         *              0             0             1 
   138 x137         *              0             0             1 
   139 x138         *              0             0             1 
   140 x139         *              0             0             1 
   141 x140         *              0             0             1 
   142 x141         *              0             0             1 
   143 x142         *              0             0             1 
   144 x143         *              0             0             1 
   145 x144         *              0             0             1 
   146 x145         *              0             0             1 
   147 x146         *              0             0             1 
   148 x147         *              0             0             1 
   149 x148         *              0             0             1 
   150 x149         *              0             0             1 
   151 x150         *              0             0             1 
   152 x151         *              0             0             1 
   153 x152         *              0             0             1 
   154 x153         *              0             0             1 
   155 x154         *              0             0             1 
   156 x155         *              0             0             1 
   157 x156         *              0             0             1 
   158 x157         *              0             0             1 
   159 x158         *              0             0             1 
   160 x159         *              0             0             1 
   161 x160         *              0             0             1 
   162 x161         *              0             0             1 
   163 x162         *              0             0             1 
   164 x163         *              0             0             1 
   165 x164         *              0             0             1 
   166 x165         *              0             0             1 
   167 x166         *              0             0             1 
   168 x167         *              0             0             1 
   169 x168         *              0             0             1 
   170 x169         *              0             0             1 
   171 x170         *              0             0             1 
   172 x171         *              0             0             1 
   173 x172         *              0             0             1 
   174 x173         *              0             0             1 
   175 x174         *              0             0             1 
   176 x175         *              0             0             1 
   177 x176         *              0             0             1 
   178 x177         *              0             0             1 
   179 x178         *              1             0             1 
   180 x179         *              0             0             1 
   181 x180         *              0             0             1 
   182 x181         *              0             0             1 
   183 x182         *              0             0             1 
   184 x183         *              0             0             1 
   185 x184         *              0             0             1 
   186 x185         *              0             0             1 
   187 x186         *              0             0             1 
   188 x187         *              0             0             1 
   189 x188         *              0             0             1 
   190 x189         *              0             0             1 
   191 x190         *              0             0             1 
   192 x191         *              0             0             1 
   193 x192         *              0             0             1 
   194 x193         *              0             0             1 
   195 x194         *              0             0             1 
   196 x195         *              0             0             1 
   197 x196         *              0             0             1 
   198 x197         *              0             0             1 
   199 x198         *              0             0             1 
   200 x199         *              0             0             1 
   201 x200         *              0             0             1 
   202 x201         *              0             0             1 
   203 x202         *              0             0             1 
   204 x203         *              0             0             1 
   205 x204         *              0             0             1 
   206 x205         *              0             0             1 
   207 x206         *              0             0             1 
   208 x207         *              0             0             1 
   209 x208         *              0             0             1 
   210 x209         *              0             0             1 
   211 x210         *              0             0             1 
   212 x211         *              0             0             1 
   213 x212         *              0             0             1 
   214 x213         *              0             0             1 
   215 x214         *              0             0             1 
   216 x215         *              0             0             1 
   217 x216         *              0             0             1 
   218 x217         *              0             0             1 
   219 x218         *              1             0             1 
   220 x219         *              0             0             1 
   221 x220         *              0             0             1 
   222 x221         *              0             0             1 
   223 x222         *              0             0             1 
   224 x223         *              1             0             1 
   225 x224         *              0             0             1 
   226 x225         *              0             0             1 
   227 x226         *              0             0             1 
   228 x227         *              0             0             1 
   229 x228         *              0             0             1 
   230 x229         *              0             0             1 
   231 x230         *              0             0             1 
   232 x231         *              0             0             1 
   233 x232         *              0             0             1 
   234 x233         *              0             0             1 
   235 x234         *              0             0             1 
   236 x235         *              0             0             1 
   237 x236         *              0             0             1 
   238 x237         *              0             0             1 
   239 x238         *              0             0             1 
   240 x239         *              0             0             1 
   241 x240         *              0             0             1 
   242 x241         *              0             0             1 
   243 x242         *              0             0             1 
   244 x243         *              0             0             1 
   245 x244         *              0             0             1 
   246 x245         *              0             0             1 
   247 x246         *              0             0             1 
   248 x247         *              0             0             1 
   249 x248         *              0             0             1 
   250 x249         *              0             0             1 
   251 x250         *              0             0             1 
   252 x251         *              0             0             1 
   253 x252         *              0             0             1 
   254 x253         *              0             0             1 
   255 x254         *              0             0             1 
   256 x255         *              0             0             1 
   257 x256         *              0             0             1 
   258 x257         *              0             0             1 
   259 x258         *              0             0             1 
   260 x259         *              0             0             1 
   261 x260         *              0             0             1 
   262 x261         *              0             0             1 
   263 x262         *              0             0             1 
   264 x263         *              0             0             1 
   265 x264         *              0             0             1 
   266 x265         *              0             0             1 
   267 x266         *              0             0             1 
   268 x267         *              0             0             1 
   269 x268         *              0             0             1 
   270 x269         *              1             0             1 
   271 x270         *              0             0             1 
   272 x271         *              0             0             1 
   273 x272         *              0             0             1 
   274 x273         *              0             0             1 
   275 x274         *              0             0             1 
   276 x275         *              0             0             1 
   277 x276         *              0             0             1 
   278 x277         *              0             0             1 
   279 x278         *              0             0             1 
   280 x279         *              0             0             1 
   281 x280         *              0             0             1 
   282 x281         *              0             0             1 
   283 x282         *              0             0             1 
   284 x283         *              0             0             1 
   285 x284         *              0             0             1 
   286 x285         *              0             0             1 
   287 x286         *              0             0             1 
   288 x287         *              0             0             1 
   289 x288         *              0             0             1 
   290 x289         *              0             0             1 
   291 x290         *              0             0             1 
   292 x291         *              0             0             1 
   293 x292         *              0             0             1 
   294 x293         *              0             0             1 
   295 x294         *              0             0             1 
   296 x295         *              0             0             1 
   297 x296         *              0             0             1 
   298 x297         *              0             0             1 
   299 x298         *              0             0             1 
   300 x299         *              0             0             1 

Integer feasibility conditions:

KKT.PE: max.abs.err = 0.00e+00 on row 0
        max.rel.err = 0.00e+00 on row 0
        High quality

KKT.PB: max.abs.err = 0.00e+00 on row 0
        max.rel.err = 0.00e+00 on row 0
        High quality

End of output
